Starting Dapr with id tapr-2023-equipe2-professor-java. HTTP Port: 41983. gRPC Port: 46837
Updating metadata for cliPID: 5566
time="2023-12-01T19:47:00.938969972Z" level=info msg="Starting Dapr Runtime -- version 1.12.2 -- commit f954254ed520409602024ea6d507d0405afa1f07" app_id=tapr-2023-equipe2-professor-java instance=codespaces-239173 scope=dapr.runtime type=log ver=1.12.2
time="2023-12-01T19:47:00.939023512Z" level=info msg="Log level set to: info" app_id=tapr-2023-equipe2-professor-java instance=codespaces-239173 scope=dapr.runtime type=log ver=1.12.2
time="2023-12-01T19:47:00.956079064Z" level=warning msg="mTLS is disabled. Skipping certificate request and tls validation" app_id=tapr-2023-equipe2-professor-java instance=codespaces-239173 scope=dapr.runtime.security type=log ver=1.12.2
time="2023-12-01T19:47:01.035996781Z" level=info msg="standalone mode configured" app_id=tapr-2023-equipe2-professor-java instance=codespaces-239173 scope=dapr.runtime type=log ver=1.12.2
time="2023-12-01T19:47:01.036378604Z" level=info msg="app id: tapr-2023-equipe2-professor-java" app_id=tapr-2023-equipe2-professor-java instance=codespaces-239173 scope=dapr.runtime type=log ver=1.12.2
time="2023-12-01T19:47:01.03648884Z" level=info msg="Dapr trace sampler initialized: DaprTraceSampler(P=1.000000)" app_id=tapr-2023-equipe2-professor-java instance=codespaces-239173 scope=dapr.runtime type=log ver=1.12.2
time="2023-12-01T19:47:01.036716164Z" level=info msg="metrics server started on :33769/" app_id=tapr-2023-equipe2-professor-java instance=codespaces-239173 scope=dapr.runtime type=log ver=1.12.2
time="2023-12-01T19:47:01.065828266Z" level=info msg="local service entry announced: tapr-2023-equipe2-professor-java -> 172.16.5.4:45129" app_id=tapr-2023-equipe2-professor-java component="mdns (nameResolution/v1)" instance=codespaces-239173 scope=dapr.contrib type=log ver=1.12.2
time="2023-12-01T19:47:01.065988044Z" level=info msg="Initialized name resolution to mdns" app_id=tapr-2023-equipe2-professor-java instance=codespaces-239173 scope=dapr.runtime type=log ver=1.12.2
time="2023-12-01T19:47:01.066100895Z" level=info msg="Loading components…" app_id=tapr-2023-equipe2-professor-java instance=codespaces-239173 scope=dapr.runtime type=log ver=1.12.2
time="2023-12-01T19:47:01.08405327Z" level=info msg="Waiting for all outstanding components to be processed…" app_id=tapr-2023-equipe2-professor-java instance=codespaces-239173 scope=dapr.runtime type=log ver=1.12.2
time="2023-12-01T19:47:04.091468662Z" level=info msg="Component loaded: servicebus-pubsub (pubsub.azure.servicebus.topics/v1)" app_id=tapr-2023-equipe2-professor-java instance=codespaces-239173 scope=dapr.runtime type=log ver=1.12.2
time="2023-12-01T19:47:04.091594056Z" level=info msg="All outstanding components processed" app_id=tapr-2023-equipe2-professor-java instance=codespaces-239173 scope=dapr.runtime type=log ver=1.12.2
time="2023-12-01T19:47:04.091643237Z" level=info msg="Loading endpoints…" app_id=tapr-2023-equipe2-professor-java instance=codespaces-239173 scope=dapr.runtime type=log ver=1.12.2
time="2023-12-01T19:47:04.091894797Z" level=info msg="Waiting for all outstanding http endpoints to be processed…" app_id=tapr-2023-equipe2-professor-java instance=codespaces-239173 scope=dapr.runtime type=log ver=1.12.2
time="2023-12-01T19:47:04.091942756Z" level=info msg="All outstanding http endpoints processed" app_id=tapr-2023-equipe2-professor-java instance=codespaces-239173 scope=dapr.runtime type=log ver=1.12.2
time="2023-12-01T19:47:04.092075995Z" level=info msg="gRPC server listening on TCP address: :46837" app_id=tapr-2023-equipe2-professor-java instance=codespaces-239173 scope=dapr.runtime.grpc.api type=log ver=1.12.2
time="2023-12-01T19:47:04.0921215Z" level=info msg="Enabled gRPC tracing middleware" app_id=tapr-2023-equipe2-professor-java instance=codespaces-239173 scope=dapr.runtime.grpc.api type=log ver=1.12.2
time="2023-12-01T19:47:04.092150184Z" level=info msg="Enabled gRPC metrics middleware" app_id=tapr-2023-equipe2-professor-java instance=codespaces-239173 scope=dapr.runtime.grpc.api type=log ver=1.12.2
time="2023-12-01T19:47:04.092268996Z" level=info msg="Registering workflow engine for gRPC endpoint: [::]:46837" app_id=tapr-2023-equipe2-professor-java instance=codespaces-239173 scope=dapr.runtime.grpc.api type=log ver=1.12.2
time="2023-12-01T19:47:04.092571601Z" level=info msg="API gRPC server is running on port 46837" app_id=tapr-2023-equipe2-professor-java instance=codespaces-239173 scope=dapr.runtime type=log ver=1.12.2
time="2023-12-01T19:47:04.092874606Z" level=info msg="Enabled max body size HTTP middleware with size 4 MB" app_id=tapr-2023-equipe2-professor-java instance=codespaces-239173 scope=dapr.runtime.http type=log ver=1.12.2
time="2023-12-01T19:47:04.092933877Z" level=info msg="Enabled tracing HTTP middleware" app_id=tapr-2023-equipe2-professor-java instance=codespaces-239173 scope=dapr.runtime.http type=log ver=1.12.2
time="2023-12-01T19:47:04.092974383Z" level=info msg="Enabled metrics HTTP middleware" app_id=tapr-2023-equipe2-professor-java instance=codespaces-239173 scope=dapr.runtime.http type=log ver=1.12.2
time="2023-12-01T19:47:04.093382394Z" level=info msg="HTTP server listening on TCP address: :41983" app_id=tapr-2023-equipe2-professor-java instance=codespaces-239173 scope=dapr.runtime.http type=log ver=1.12.2
time="2023-12-01T19:47:04.093441174Z" level=info msg="HTTP server is running on port 41983" app_id=tapr-2023-equipe2-professor-java instance=codespaces-239173 scope=dapr.runtime type=log ver=1.12.2
time="2023-12-01T19:47:04.093511516Z" level=info msg="The request body size parameter is: 4" app_id=tapr-2023-equipe2-professor-java instance=codespaces-239173 scope=dapr.runtime type=log ver=1.12.2
time="2023-12-01T19:47:04.093574493Z" level=info msg="gRPC server listening on TCP address: :45129" app_id=tapr-2023-equipe2-professor-java instance=codespaces-239173 scope=dapr.runtime.grpc.internal type=log ver=1.12.2
time="2023-12-01T19:47:04.093614788Z" level=info msg="Enabled gRPC tracing middleware" app_id=tapr-2023-equipe2-professor-java instance=codespaces-239173 scope=dapr.runtime.grpc.internal type=log ver=1.12.2
time="2023-12-01T19:47:04.093643101Z" level=info msg="Enabled gRPC metrics middleware" app_id=tapr-2023-equipe2-professor-java instance=codespaces-239173 scope=dapr.runtime.grpc.internal type=log ver=1.12.2
time="2023-12-01T19:47:04.093688927Z" level=info msg="Internal gRPC server is running on port 45129" app_id=tapr-2023-equipe2-professor-java instance=codespaces-239173 scope=dapr.runtime type=log ver=1.12.2
time="2023-12-01T19:47:04.094095816Z" level=info msg="application protocol: http. waiting on port 8080.  This will block until the app is listening on that port." app_id=tapr-2023-equipe2-professor-java instance=codespaces-239173 scope=dapr.runtime type=log ver=1.12.2
Updating metadata for app command: /usr/lib/jvm/java-1.17.0-openjdk-amd64/bin/java -jar notasalunosprofessor-0.0.1-SNAPSHOT.jar
Updating metadata for appPID: 5677
You're up and running! Dapr logs will appear here.

time="2023-12-01T19:47:15.472394628Z" level=info msg="application discovered on port 8080" app_id=tapr-2023-equipe2-professor-java instance=codespaces-239173 scope=dapr.runtime type=log ver=1.12.2
time="2023-12-01T19:47:15.622610819Z" level=info msg="Application configuration loaded" app_id=tapr-2023-equipe2-professor-java instance=codespaces-239173 scope=dapr.runtime type=log ver=1.12.2
time="2023-12-01T19:47:15.622748837Z" level=info msg="actors: state store is not configured - this is okay for clients but services with hosted actors will fail to initialize!" app_id=tapr-2023-equipe2-professor-java instance=codespaces-239173 scope=dapr.runtime type=log ver=1.12.2
time="2023-12-01T19:47:15.626586782Z" level=info msg="Actor runtime started. Actor idle timeout: 1h0m0s. Actor scan interval: 30s" app_id=tapr-2023-equipe2-professor-java instance=codespaces-239173 scope=dapr.runtime.actor type=log ver=1.12.2
time="2023-12-01T19:47:15.62675672Z" level=info msg="Configuring workflow engine with actors backend" app_id=tapr-2023-equipe2-professor-java instance=codespaces-239173 scope=dapr.runtime.wfengine type=log ver=1.12.2
time="2023-12-01T19:47:15.627424256Z" level=info msg="Registering component for dapr workflow engine..." app_id=tapr-2023-equipe2-professor-java instance=codespaces-239173 scope=dapr.runtime type=log ver=1.12.2
time="2023-12-01T19:47:15.62843875Z" level=info msg="Initializing Dapr workflow component" app_id=tapr-2023-equipe2-professor-java component="dapr (workflow.dapr/v1)" instance=codespaces-239173 scope=dapr.contrib type=log ver=1.12.2
time="2023-12-01T19:47:15.725638441Z" level=info msg="app is subscribed to the following topics: [topico-equipe-2-aluno] through pubsub=servicebus-pubsub" app_id=tapr-2023-equipe2-professor-java instance=codespaces-239173 scope=dapr.runtime.processor.pubsub type=log ver=1.12.2
time="2023-12-01T19:47:15.753141678Z" level=info msg="Placement tables updated, version: 0" app_id=tapr-2023-equipe2-professor-java instance=codespaces-239173 scope=dapr.runtime.actors.placement type=log ver=1.12.2
time="2023-12-01T19:47:16.728420491Z" level=warning msg="failed to subscribe to topics: error occurred while beginning pubsub servicebus-pubsub: error occurred while beginning pubsub for topic topico-equipe-2-aluno on component servicebus-pubsub: failed to subscribe to topic topico-equipe-2-aluno: could not get topic topico-equipe-2-aluno: ChainedTokenCredential: failed to acquire a token.\nAttempted credentials:\n\tmanaged identity\n\tAzureCLICredential: Azure CLI not found on path " app_id=tapr-2023-equipe2-professor-java instance=codespaces-239173 scope=dapr.runtime type=log ver=1.12.2
time="2023-12-01T19:47:16.728496093Z" level=info msg="dapr initialized. Status: Running. Init Elapsed 15692ms" app_id=tapr-2023-equipe2-professor-java instance=codespaces-239173 scope=dapr.runtime type=log ver=1.12.2
time="2023-12-01T19:47:49.269166997Z" level=warning msg="Could not publish Service Bus message (nil). Retrying...: failed to create a sender: could not get topic topico-equipe-2-aluno: ChainedTokenCredential: failed to acquire a token.\nAttempted credentials:\n\tmanaged identity\n\tAzureCLICredential: Azure CLI not found on path" app_id=tapr-2023-equipe2-professor-java component="servicebus-pubsub (pubsub.azure.servicebus.topics/v1)" instance=codespaces-239173 scope=dapr.contrib type=log ver=1.12.2
time="2023-12-01T19:48:01.051453068Z" level=error msg="Too many failed attempts while publishing Service Bus message (nil): failed to create a sender: could not get topic topico-equipe-2-aluno: ChainedTokenCredential: failed to acquire a token.\nAttempted credentials:\n\tmanaged identity\n\tAzureCLICredential: Azure CLI not found on path" app_id=tapr-2023-equipe2-professor-java component="servicebus-pubsub (pubsub.azure.servicebus.topics/v1)" instance=codespaces-239173 scope=dapr.contrib type=log ver=1.12.2
