Starting Dapr with id tapr-2023-equipe2-professor-java. HTTP Port: 45885. gRPC Port: 33433
Updating metadata for cliPID: 4274
time="2023-12-01T23:27:57.005419961Z" level=info msg="Starting Dapr Runtime -- version 1.12.2 -- commit f954254ed520409602024ea6d507d0405afa1f07" app_id=tapr-2023-equipe2-professor-java instance=codespaces-239173 scope=dapr.runtime type=log ver=1.12.2
time="2023-12-01T23:27:57.00686286Z" level=info msg="Log level set to: info" app_id=tapr-2023-equipe2-professor-java instance=codespaces-239173 scope=dapr.runtime type=log ver=1.12.2
time="2023-12-01T23:27:57.011542834Z" level=warning msg="mTLS is disabled. Skipping certificate request and tls validation" app_id=tapr-2023-equipe2-professor-java instance=codespaces-239173 scope=dapr.runtime.security type=log ver=1.12.2
time="2023-12-01T23:27:57.023958999Z" level=info msg="standalone mode configured" app_id=tapr-2023-equipe2-professor-java instance=codespaces-239173 scope=dapr.runtime type=log ver=1.12.2
time="2023-12-01T23:27:57.024417494Z" level=info msg="app id: tapr-2023-equipe2-professor-java" app_id=tapr-2023-equipe2-professor-java instance=codespaces-239173 scope=dapr.runtime type=log ver=1.12.2
time="2023-12-01T23:27:57.024722512Z" level=info msg="Dapr trace sampler initialized: DaprTraceSampler(P=1.000000)" app_id=tapr-2023-equipe2-professor-java instance=codespaces-239173 scope=dapr.runtime type=log ver=1.12.2
time="2023-12-01T23:27:57.025497667Z" level=info msg="metrics server started on :42209/" app_id=tapr-2023-equipe2-professor-java instance=codespaces-239173 scope=dapr.runtime type=log ver=1.12.2
time="2023-12-01T23:27:57.068404839Z" level=info msg="local service entry announced: tapr-2023-equipe2-professor-java -> 172.16.5.4:32915" app_id=tapr-2023-equipe2-professor-java component="mdns (nameResolution/v1)" instance=codespaces-239173 scope=dapr.contrib type=log ver=1.12.2
time="2023-12-01T23:27:57.068563185Z" level=info msg="Initialized name resolution to mdns" app_id=tapr-2023-equipe2-professor-java instance=codespaces-239173 scope=dapr.runtime type=log ver=1.12.2
time="2023-12-01T23:27:57.068881929Z" level=info msg="Loading components…" app_id=tapr-2023-equipe2-professor-java instance=codespaces-239173 scope=dapr.runtime type=log ver=1.12.2
time="2023-12-01T23:27:57.078251945Z" level=info msg="Waiting for all outstanding components to be processed…" app_id=tapr-2023-equipe2-professor-java instance=codespaces-239173 scope=dapr.runtime type=log ver=1.12.2
time="2023-12-01T23:28:00.103334365Z" level=info msg="Component loaded: servicebus-pubsub (pubsub.azure.servicebus.topics/v1)" app_id=tapr-2023-equipe2-professor-java instance=codespaces-239173 scope=dapr.runtime type=log ver=1.12.2
time="2023-12-01T23:28:00.103442807Z" level=info msg="All outstanding components processed" app_id=tapr-2023-equipe2-professor-java instance=codespaces-239173 scope=dapr.runtime type=log ver=1.12.2
time="2023-12-01T23:28:00.103789964Z" level=info msg="Loading endpoints…" app_id=tapr-2023-equipe2-professor-java instance=codespaces-239173 scope=dapr.runtime type=log ver=1.12.2
time="2023-12-01T23:28:00.104017518Z" level=info msg="Waiting for all outstanding http endpoints to be processed…" app_id=tapr-2023-equipe2-professor-java instance=codespaces-239173 scope=dapr.runtime type=log ver=1.12.2
time="2023-12-01T23:28:00.104063093Z" level=info msg="All outstanding http endpoints processed" app_id=tapr-2023-equipe2-professor-java instance=codespaces-239173 scope=dapr.runtime type=log ver=1.12.2
time="2023-12-01T23:28:00.104630481Z" level=info msg="gRPC server listening on TCP address: :33433" app_id=tapr-2023-equipe2-professor-java instance=codespaces-239173 scope=dapr.runtime.grpc.api type=log ver=1.12.2
time="2023-12-01T23:28:00.104685163Z" level=info msg="Enabled gRPC tracing middleware" app_id=tapr-2023-equipe2-professor-java instance=codespaces-239173 scope=dapr.runtime.grpc.api type=log ver=1.12.2
time="2023-12-01T23:28:00.10472688Z" level=info msg="Enabled gRPC metrics middleware" app_id=tapr-2023-equipe2-professor-java instance=codespaces-239173 scope=dapr.runtime.grpc.api type=log ver=1.12.2
time="2023-12-01T23:28:00.104859257Z" level=info msg="Registering workflow engine for gRPC endpoint: [::]:33433" app_id=tapr-2023-equipe2-professor-java instance=codespaces-239173 scope=dapr.runtime.grpc.api type=log ver=1.12.2
time="2023-12-01T23:28:00.105470757Z" level=info msg="API gRPC server is running on port 33433" app_id=tapr-2023-equipe2-professor-java instance=codespaces-239173 scope=dapr.runtime type=log ver=1.12.2
time="2023-12-01T23:28:00.106479417Z" level=info msg="Enabled max body size HTTP middleware with size 4 MB" app_id=tapr-2023-equipe2-professor-java instance=codespaces-239173 scope=dapr.runtime.http type=log ver=1.12.2
time="2023-12-01T23:28:00.106531394Z" level=info msg="Enabled tracing HTTP middleware" app_id=tapr-2023-equipe2-professor-java instance=codespaces-239173 scope=dapr.runtime.http type=log ver=1.12.2
time="2023-12-01T23:28:00.106564967Z" level=info msg="Enabled metrics HTTP middleware" app_id=tapr-2023-equipe2-professor-java instance=codespaces-239173 scope=dapr.runtime.http type=log ver=1.12.2
time="2023-12-01T23:28:00.107080718Z" level=info msg="HTTP server listening on TCP address: :45885" app_id=tapr-2023-equipe2-professor-java instance=codespaces-239173 scope=dapr.runtime.http type=log ver=1.12.2
time="2023-12-01T23:28:00.107141552Z" level=info msg="HTTP server is running on port 45885" app_id=tapr-2023-equipe2-professor-java instance=codespaces-239173 scope=dapr.runtime type=log ver=1.12.2
time="2023-12-01T23:28:00.107177078Z" level=info msg="The request body size parameter is: 4" app_id=tapr-2023-equipe2-professor-java instance=codespaces-239173 scope=dapr.runtime type=log ver=1.12.2
time="2023-12-01T23:28:00.107506261Z" level=info msg="gRPC server listening on TCP address: :32915" app_id=tapr-2023-equipe2-professor-java instance=codespaces-239173 scope=dapr.runtime.grpc.internal type=log ver=1.12.2
time="2023-12-01T23:28:00.107547689Z" level=info msg="Enabled gRPC tracing middleware" app_id=tapr-2023-equipe2-professor-java instance=codespaces-239173 scope=dapr.runtime.grpc.internal type=log ver=1.12.2
time="2023-12-01T23:28:00.107578166Z" level=info msg="Enabled gRPC metrics middleware" app_id=tapr-2023-equipe2-professor-java instance=codespaces-239173 scope=dapr.runtime.grpc.internal type=log ver=1.12.2
time="2023-12-01T23:28:00.107633429Z" level=info msg="Internal gRPC server is running on port 32915" app_id=tapr-2023-equipe2-professor-java instance=codespaces-239173 scope=dapr.runtime type=log ver=1.12.2
time="2023-12-01T23:28:00.107985926Z" level=info msg="application protocol: http. waiting on port 8080.  This will block until the app is listening on that port." app_id=tapr-2023-equipe2-professor-java instance=codespaces-239173 scope=dapr.runtime type=log ver=1.12.2
Updating metadata for app command: /usr/lib/jvm/java-1.17.0-openjdk-amd64/bin/java -jar notasalunosprofessor-0.0.1-SNAPSHOT.jar
Updating metadata for appPID: 4348
You're up and running! Dapr logs will appear here.

time="2023-12-01T23:28:24.507504005Z" level=info msg="application discovered on port 8080" app_id=tapr-2023-equipe2-professor-java instance=codespaces-239173 scope=dapr.runtime type=log ver=1.12.2
time="2023-12-01T23:28:24.665353598Z" level=info msg="Application configuration loaded" app_id=tapr-2023-equipe2-professor-java instance=codespaces-239173 scope=dapr.runtime type=log ver=1.12.2
time="2023-12-01T23:28:24.665503818Z" level=info msg="actors: state store is not configured - this is okay for clients but services with hosted actors will fail to initialize!" app_id=tapr-2023-equipe2-professor-java instance=codespaces-239173 scope=dapr.runtime type=log ver=1.12.2
time="2023-12-01T23:28:24.665879589Z" level=info msg="Actor runtime started. Actor idle timeout: 1h0m0s. Actor scan interval: 30s" app_id=tapr-2023-equipe2-professor-java instance=codespaces-239173 scope=dapr.runtime.actor type=log ver=1.12.2
time="2023-12-01T23:28:24.667503135Z" level=info msg="Configuring workflow engine with actors backend" app_id=tapr-2023-equipe2-professor-java instance=codespaces-239173 scope=dapr.runtime.wfengine type=log ver=1.12.2
time="2023-12-01T23:28:24.667587432Z" level=info msg="Registering component for dapr workflow engine..." app_id=tapr-2023-equipe2-professor-java instance=codespaces-239173 scope=dapr.runtime type=log ver=1.12.2
time="2023-12-01T23:28:24.66765621Z" level=info msg="Initializing Dapr workflow component" app_id=tapr-2023-equipe2-professor-java component="dapr (workflow.dapr/v1)" instance=codespaces-239173 scope=dapr.contrib type=log ver=1.12.2
time="2023-12-01T23:28:24.743775192Z" level=info msg="app is subscribed to the following topics: [topico-equipe-2-aluno] through pubsub=servicebus-pubsub" app_id=tapr-2023-equipe2-professor-java instance=codespaces-239173 scope=dapr.runtime.processor.pubsub type=log ver=1.12.2
time="2023-12-01T23:28:24.77500702Z" level=info msg="Placement tables updated, version: 0" app_id=tapr-2023-equipe2-professor-java instance=codespaces-239173 scope=dapr.runtime.actors.placement type=log ver=1.12.2
time="2023-12-01T23:28:25.748050178Z" level=warning msg="failed to subscribe to topics: error occurred while beginning pubsub servicebus-pubsub: error occurred while beginning pubsub for topic topico-equipe-2-aluno on component servicebus-pubsub: failed to subscribe to topic topico-equipe-2-aluno: could not get topic topico-equipe-2-aluno: ChainedTokenCredential: failed to acquire a token.\nAttempted credentials:\n\tmanaged identity\n\tAzureCLICredential: Azure CLI not found on path " app_id=tapr-2023-equipe2-professor-java instance=codespaces-239173 scope=dapr.runtime type=log ver=1.12.2
time="2023-12-01T23:28:25.748112364Z" level=info msg="dapr initialized. Status: Running. Init Elapsed 28724ms" app_id=tapr-2023-equipe2-professor-java instance=codespaces-239173 scope=dapr.runtime type=log ver=1.12.2
time="2023-12-01T23:29:07.587540629Z" level=warning msg="Could not publish Service Bus message (nil). Retrying...: failed to create a sender: could not get topic topico-equipe-2-aluno: ChainedTokenCredential: failed to acquire a token.\nAttempted credentials:\n\tmanaged identity\n\tAzureCLICredential: Azure CLI not found on path" app_id=tapr-2023-equipe2-professor-java component="servicebus-pubsub (pubsub.azure.servicebus.topics/v1)" instance=codespaces-239173 scope=dapr.contrib type=log ver=1.12.2
time="2023-12-01T23:29:19.008471693Z" level=error msg="Too many failed attempts while publishing Service Bus message (nil): failed to create a sender: could not get topic topico-equipe-2-aluno: ChainedTokenCredential: failed to acquire a token.\nAttempted credentials:\n\tmanaged identity\n\tAzureCLICredential: Azure CLI not found on path" app_id=tapr-2023-equipe2-professor-java component="servicebus-pubsub (pubsub.azure.servicebus.topics/v1)" instance=codespaces-239173 scope=dapr.contrib type=log ver=1.12.2
time="2023-12-01T23:32:33.286486114Z" level=warning msg="Could not publish Service Bus message (nil). Retrying...: failed to create a sender: could not get topic topico-equipe-2-aluno: ChainedTokenCredential: failed to acquire a token.\nAttempted credentials:\n\tmanaged identity\n\tAzureCLICredential: Azure CLI not found on path" app_id=tapr-2023-equipe2-professor-java component="servicebus-pubsub (pubsub.azure.servicebus.topics/v1)" instance=codespaces-239173 scope=dapr.contrib type=log ver=1.12.2
time="2023-12-01T23:32:43.460911948Z" level=error msg="Too many failed attempts while publishing Service Bus message (nil): failed to create a sender: could not get topic topico-equipe-2-aluno: ChainedTokenCredential: failed to acquire a token.\nAttempted credentials:\n\tmanaged identity\n\tAzureCLICredential: Azure CLI not found on path" app_id=tapr-2023-equipe2-professor-java component="servicebus-pubsub (pubsub.azure.servicebus.topics/v1)" instance=codespaces-239173 scope=dapr.contrib type=log ver=1.12.2
time="2023-12-01T23:34:37.43962306Z" level=warning msg="Could not publish Service Bus message (nil). Retrying...: failed to create a sender: could not get topic topico-equipe-2-aluno: ChainedTokenCredential: failed to acquire a token.\nAttempted credentials:\n\tmanaged identity\n\tAzureCLICredential: Azure CLI not found on path" app_id=tapr-2023-equipe2-professor-java component="servicebus-pubsub (pubsub.azure.servicebus.topics/v1)" instance=codespaces-239173 scope=dapr.contrib type=log ver=1.12.2
time="2023-12-01T23:34:49.279449539Z" level=error msg="Too many failed attempts while publishing Service Bus message (nil): failed to create a sender: could not get topic topico-equipe-2-aluno: ChainedTokenCredential: failed to acquire a token.\nAttempted credentials:\n\tmanaged identity\n\tAzureCLICredential: Azure CLI not found on path" app_id=tapr-2023-equipe2-professor-java component="servicebus-pubsub (pubsub.azure.servicebus.topics/v1)" instance=codespaces-239173 scope=dapr.contrib type=log ver=1.12.2
