Starting Dapr with id tapr-2023-equipe2-aluno-java. HTTP Port: 44631. gRPC Port: 36643
Updating metadata for cliPID: 6789
time="2023-12-01T14:58:06.499487816Z" level=info msg="Starting Dapr Runtime -- version 1.12.2 -- commit f954254ed520409602024ea6d507d0405afa1f07" app_id=tapr-2023-equipe2-aluno-java instance=codespaces-239173 scope=dapr.runtime type=log ver=1.12.2
time="2023-12-01T14:58:06.499580399Z" level=info msg="Log level set to: info" app_id=tapr-2023-equipe2-aluno-java instance=codespaces-239173 scope=dapr.runtime type=log ver=1.12.2
time="2023-12-01T14:58:06.502986909Z" level=warning msg="mTLS is disabled. Skipping certificate request and tls validation" app_id=tapr-2023-equipe2-aluno-java instance=codespaces-239173 scope=dapr.runtime.security type=log ver=1.12.2
time="2023-12-01T14:58:06.507648149Z" level=info msg="standalone mode configured" app_id=tapr-2023-equipe2-aluno-java instance=codespaces-239173 scope=dapr.runtime type=log ver=1.12.2
time="2023-12-01T14:58:06.508238451Z" level=info msg="app id: tapr-2023-equipe2-aluno-java" app_id=tapr-2023-equipe2-aluno-java instance=codespaces-239173 scope=dapr.runtime type=log ver=1.12.2
time="2023-12-01T14:58:06.508318311Z" level=info msg="Dapr trace sampler initialized: DaprTraceSampler(P=1.000000)" app_id=tapr-2023-equipe2-aluno-java instance=codespaces-239173 scope=dapr.runtime type=log ver=1.12.2
time="2023-12-01T14:58:06.511313121Z" level=info msg="local service entry announced: tapr-2023-equipe2-aluno-java -> 172.16.5.4:43723" app_id=tapr-2023-equipe2-aluno-java component="mdns (nameResolution/v1)" instance=codespaces-239173 scope=dapr.contrib type=log ver=1.12.2
time="2023-12-01T14:58:06.511368914Z" level=info msg="Initialized name resolution to mdns" app_id=tapr-2023-equipe2-aluno-java instance=codespaces-239173 scope=dapr.runtime type=log ver=1.12.2
time="2023-12-01T14:58:06.511450607Z" level=info msg="Loading components…" app_id=tapr-2023-equipe2-aluno-java instance=codespaces-239173 scope=dapr.runtime type=log ver=1.12.2
time="2023-12-01T14:58:06.512689439Z" level=info msg="metrics server started on :36161/" app_id=tapr-2023-equipe2-aluno-java instance=codespaces-239173 scope=dapr.runtime type=log ver=1.12.2
time="2023-12-01T14:58:06.513296222Z" level=info msg="Waiting for all outstanding components to be processed…" app_id=tapr-2023-equipe2-aluno-java instance=codespaces-239173 scope=dapr.runtime type=log ver=1.12.2
time="2023-12-01T14:58:09.515698742Z" level=info msg="Component loaded: servicebus-pubsub (pubsub.azure.servicebus.topics/v1)" app_id=tapr-2023-equipe2-aluno-java instance=codespaces-239173 scope=dapr.runtime type=log ver=1.12.2
time="2023-12-01T14:58:09.515776016Z" level=info msg="All outstanding components processed" app_id=tapr-2023-equipe2-aluno-java instance=codespaces-239173 scope=dapr.runtime type=log ver=1.12.2
time="2023-12-01T14:58:09.515805381Z" level=info msg="Loading endpoints…" app_id=tapr-2023-equipe2-aluno-java instance=codespaces-239173 scope=dapr.runtime type=log ver=1.12.2
time="2023-12-01T14:58:09.516031573Z" level=info msg="Waiting for all outstanding http endpoints to be processed…" app_id=tapr-2023-equipe2-aluno-java instance=codespaces-239173 scope=dapr.runtime type=log ver=1.12.2
time="2023-12-01T14:58:09.516062882Z" level=info msg="All outstanding http endpoints processed" app_id=tapr-2023-equipe2-aluno-java instance=codespaces-239173 scope=dapr.runtime type=log ver=1.12.2
time="2023-12-01T14:58:09.516172837Z" level=info msg="gRPC server listening on TCP address: :36643" app_id=tapr-2023-equipe2-aluno-java instance=codespaces-239173 scope=dapr.runtime.grpc.api type=log ver=1.12.2
time="2023-12-01T14:58:09.516210207Z" level=info msg="Enabled gRPC tracing middleware" app_id=tapr-2023-equipe2-aluno-java instance=codespaces-239173 scope=dapr.runtime.grpc.api type=log ver=1.12.2
time="2023-12-01T14:58:09.516234382Z" level=info msg="Enabled gRPC metrics middleware" app_id=tapr-2023-equipe2-aluno-java instance=codespaces-239173 scope=dapr.runtime.grpc.api type=log ver=1.12.2
time="2023-12-01T14:58:09.516331062Z" level=info msg="Registering workflow engine for gRPC endpoint: [::]:36643" app_id=tapr-2023-equipe2-aluno-java instance=codespaces-239173 scope=dapr.runtime.grpc.api type=log ver=1.12.2
time="2023-12-01T14:58:09.516478728Z" level=info msg="API gRPC server is running on port 36643" app_id=tapr-2023-equipe2-aluno-java instance=codespaces-239173 scope=dapr.runtime type=log ver=1.12.2
time="2023-12-01T14:58:09.517212067Z" level=info msg="Enabled max body size HTTP middleware with size 4 MB" app_id=tapr-2023-equipe2-aluno-java instance=codespaces-239173 scope=dapr.runtime.http type=log ver=1.12.2
time="2023-12-01T14:58:09.517252162Z" level=info msg="Enabled tracing HTTP middleware" app_id=tapr-2023-equipe2-aluno-java instance=codespaces-239173 scope=dapr.runtime.http type=log ver=1.12.2
time="2023-12-01T14:58:09.517276888Z" level=info msg="Enabled metrics HTTP middleware" app_id=tapr-2023-equipe2-aluno-java instance=codespaces-239173 scope=dapr.runtime.http type=log ver=1.12.2
time="2023-12-01T14:58:09.517686552Z" level=info msg="HTTP server listening on TCP address: :44631" app_id=tapr-2023-equipe2-aluno-java instance=codespaces-239173 scope=dapr.runtime.http type=log ver=1.12.2
time="2023-12-01T14:58:09.517733671Z" level=info msg="HTTP server is running on port 44631" app_id=tapr-2023-equipe2-aluno-java instance=codespaces-239173 scope=dapr.runtime type=log ver=1.12.2
time="2023-12-01T14:58:09.517757024Z" level=info msg="The request body size parameter is: 4" app_id=tapr-2023-equipe2-aluno-java instance=codespaces-239173 scope=dapr.runtime type=log ver=1.12.2
time="2023-12-01T14:58:09.517803942Z" level=info msg="gRPC server listening on TCP address: :43723" app_id=tapr-2023-equipe2-aluno-java instance=codespaces-239173 scope=dapr.runtime.grpc.internal type=log ver=1.12.2
time="2023-12-01T14:58:09.517830992Z" level=info msg="Enabled gRPC tracing middleware" app_id=tapr-2023-equipe2-aluno-java instance=codespaces-239173 scope=dapr.runtime.grpc.internal type=log ver=1.12.2
time="2023-12-01T14:58:09.517851591Z" level=info msg="Enabled gRPC metrics middleware" app_id=tapr-2023-equipe2-aluno-java instance=codespaces-239173 scope=dapr.runtime.grpc.internal type=log ver=1.12.2
time="2023-12-01T14:58:09.517888008Z" level=info msg="Internal gRPC server is running on port 43723" app_id=tapr-2023-equipe2-aluno-java instance=codespaces-239173 scope=dapr.runtime type=log ver=1.12.2
time="2023-12-01T14:58:09.51796891Z" level=info msg="application protocol: http. waiting on port 8080.  This will block until the app is listening on that port." app_id=tapr-2023-equipe2-aluno-java instance=codespaces-239173 scope=dapr.runtime type=log ver=1.12.2
Updating metadata for app command: /usr/lib/jvm/java-1.17.0-openjdk-amd64/bin/java -jar notasalunosprofessor-0.0.1-SNAPSHOT.jar
Updating metadata for appPID: 6861
You're up and running! Dapr logs will appear here.

time="2023-12-01T14:58:19.510221452Z" level=info msg="application discovered on port 8080" app_id=tapr-2023-equipe2-aluno-java instance=codespaces-239173 scope=dapr.runtime type=log ver=1.12.2
time="2023-12-01T14:58:19.657579343Z" level=info msg="Application configuration loaded" app_id=tapr-2023-equipe2-aluno-java instance=codespaces-239173 scope=dapr.runtime type=log ver=1.12.2
time="2023-12-01T14:58:19.657928905Z" level=info msg="actors: state store is not configured - this is okay for clients but services with hosted actors will fail to initialize!" app_id=tapr-2023-equipe2-aluno-java instance=codespaces-239173 scope=dapr.runtime type=log ver=1.12.2
time="2023-12-01T14:58:19.659035261Z" level=info msg="Actor runtime started. Actor idle timeout: 1h0m0s. Actor scan interval: 30s" app_id=tapr-2023-equipe2-aluno-java instance=codespaces-239173 scope=dapr.runtime.actor type=log ver=1.12.2
time="2023-12-01T14:58:19.660467654Z" level=info msg="Configuring workflow engine with actors backend" app_id=tapr-2023-equipe2-aluno-java instance=codespaces-239173 scope=dapr.runtime.wfengine type=log ver=1.12.2
time="2023-12-01T14:58:19.660720376Z" level=info msg="Registering component for dapr workflow engine..." app_id=tapr-2023-equipe2-aluno-java instance=codespaces-239173 scope=dapr.runtime type=log ver=1.12.2
time="2023-12-01T14:58:19.660792701Z" level=info msg="Initializing Dapr workflow component" app_id=tapr-2023-equipe2-aluno-java component="dapr (workflow.dapr/v1)" instance=codespaces-239173 scope=dapr.contrib type=log ver=1.12.2
time="2023-12-01T14:58:19.732429647Z" level=info msg="app is subscribed to the following topics: [topico-equipe-2-aluno] through pubsub=servicebus-pubsub" app_id=tapr-2023-equipe2-aluno-java instance=codespaces-239173 scope=dapr.runtime.processor.pubsub type=log ver=1.12.2
time="2023-12-01T14:58:19.814779294Z" level=info msg="Placement tables updated, version: 0" app_id=tapr-2023-equipe2-aluno-java instance=codespaces-239173 scope=dapr.runtime.actors.placement type=log ver=1.12.2
time="2023-12-01T14:58:20.73665387Z" level=warning msg="failed to subscribe to topics: error occurred while beginning pubsub servicebus-pubsub: error occurred while beginning pubsub for topic topico-equipe-2-aluno on component servicebus-pubsub: failed to subscribe to topic topico-equipe-2-aluno: could not get topic topico-equipe-2-aluno: ChainedTokenCredential: failed to acquire a token.\nAttempted credentials:\n\tmanaged identity\n\tAzureCLICredential: Azure CLI not found on path " app_id=tapr-2023-equipe2-aluno-java instance=codespaces-239173 scope=dapr.runtime type=log ver=1.12.2
time="2023-12-01T14:58:20.73672896Z" level=info msg="dapr initialized. Status: Running. Init Elapsed 14229ms" app_id=tapr-2023-equipe2-aluno-java instance=codespaces-239173 scope=dapr.runtime type=log ver=1.12.2
