== APP - tapr-2023-equipe2-aluno-java == 
== APP - tapr-2023-equipe2-aluno-java ==   .   ____          _            __ _ _
== APP - tapr-2023-equipe2-aluno-java ==  /\\ / ___'_ __ _ _(_)_ __  __ _ \ \ \ \
== APP - tapr-2023-equipe2-aluno-java == ( ( )\___ | '_ | '_| | '_ \/ _` | \ \ \ \
== APP - tapr-2023-equipe2-aluno-java ==  \\/  ___)| |_)| | | | | || (_| |  ) ) ) )
== APP - tapr-2023-equipe2-aluno-java ==   '  |____| .__|_| |_|_| |_\__, | / / / /
== APP - tapr-2023-equipe2-aluno-java ==  =========|_|==============|___/=/_/_/_/
== APP - tapr-2023-equipe2-aluno-java ==  :: Spring Boot ::                (v3.1.2)
== APP - tapr-2023-equipe2-aluno-java == 
== APP - tapr-2023-equipe2-aluno-java == 2023-12-01T14:13:53.580Z  INFO 32714 --- [           main] c.t.n.NotasalunosprofessorApplication    : Starting NotasalunosprofessorApplication v0.0.1-SNAPSHOT using Java 17.0.9 with PID 32714 (/workspaces/topicosavancadosprogramacao/notasalunosprofessor/target/notasalunosprofessor-0.0.1-SNAPSHOT.jar started by root in /workspaces/topicosavancadosprogramacao/notasalunosprofessor/target)
== APP - tapr-2023-equipe2-aluno-java == 2023-12-01T14:13:53.589Z  INFO 32714 --- [           main] c.t.n.NotasalunosprofessorApplication    : No active profile set, falling back to 1 default profile: "default"
== APP - tapr-2023-equipe2-aluno-java == 2023-12-01T14:13:55.220Z  INFO 32714 --- [           main] .s.d.r.c.RepositoryConfigurationDelegate : Bootstrapping Spring Data cosmos repositories in DEFAULT mode.
== APP - tapr-2023-equipe2-aluno-java == 2023-12-01T14:13:55.438Z  INFO 32714 --- [           main] .s.d.r.c.RepositoryConfigurationDelegate : Finished Spring Data repository scanning in 212 ms. Found 0 cosmos repository interfaces.
== APP - tapr-2023-equipe2-aluno-java == 2023-12-01T14:13:55.446Z  INFO 32714 --- [           main] .s.d.r.c.RepositoryConfigurationDelegate : Bootstrapping Spring Data cosmos repositories in DEFAULT mode.
== APP - tapr-2023-equipe2-aluno-java == 2023-12-01T14:13:55.482Z  INFO 32714 --- [           main] .s.d.r.c.RepositoryConfigurationDelegate : Finished Spring Data repository scanning in 35 ms. Found 3 cosmos repository interfaces.
== APP - tapr-2023-equipe2-aluno-java == 2023-12-01T14:13:56.472Z  INFO 32714 --- [           main] o.s.b.w.embedded.tomcat.TomcatWebServer  : Tomcat initialized with port(s): 8080 (http)
== APP - tapr-2023-equipe2-aluno-java == 2023-12-01T14:13:56.485Z  INFO 32714 --- [           main] o.apache.catalina.core.StandardService   : Starting service [Tomcat]
== APP - tapr-2023-equipe2-aluno-java == 2023-12-01T14:13:56.485Z  INFO 32714 --- [           main] o.apache.catalina.core.StandardEngine    : Starting Servlet engine: [Apache Tomcat/10.1.11]
== APP - tapr-2023-equipe2-aluno-java == 2023-12-01T14:13:56.642Z  INFO 32714 --- [           main] o.a.c.c.C.[Tomcat].[localhost].[/]       : Initializing Spring embedded WebApplicationContext
== APP - tapr-2023-equipe2-aluno-java == 2023-12-01T14:13:56.644Z  INFO 32714 --- [           main] w.s.c.ServletWebServerApplicationContext : Root WebApplicationContext: initialization completed in 2878 ms
== APP - tapr-2023-equipe2-aluno-java == 2023-12-01T14:13:57.693Z  INFO 32714 --- [           main] AbstractAzureServiceClientBuilderFactory : Will configure the default credential of type DefaultAzureCredential for class com.azure.identity.DefaultAzureCredentialBuilder.
== APP - tapr-2023-equipe2-aluno-java == 2023-12-01T14:13:58.053Z  WARN 32714 --- [           main] c.a.s.c.s.i.c.CosmosClientBuilderFactory : Configuration instance is not supported to configure in CosmosClientBuilder
== APP - tapr-2023-equipe2-aluno-java == 2023-12-01T14:13:58.174Z  INFO 32714 --- [           main] c.a.c.i.RxDocumentClientImpl             : Initializing DocumentClient [1] with serviceEndpoint [https://professoresealunosenotas.documents.azure.com:443/], connectionPolicy [ConnectionPolicy{httpNetworkRequestTimeout=PT1M, tcpNetworkRequestTimeout=PT5S, connectionMode=GATEWAY, maxConnectionPoolSize=1000, idleHttpConnectionTimeout=PT1M, idleTcpConnectionTimeout=PT0S, userAgentSuffix='az-sd-cos/@project.version@az-sp-cos/5.5.0', throttlingRetryOptions=RetryOptions{maxRetryAttemptsOnThrottledRequests=9, maxRetryWaitTime=PT30S}, endpointDiscoveryEnabled=true, preferredRegions=null, multipleWriteRegionsEnabled=true, proxyType=null, inetSocketProxyAddress=null, readRequestsFallbackEnabled=true, connectTimeout=PT5S, idleTcpEndpointTimeout=PT1H, maxConnectionsPerEndpoint=130, maxRequestsPerConnection=30, tcpConnectionEndpointRediscoveryEnabled=true, ioThreadPriority=5, ioThreadCountPerCoreFactor=2, tcpHealthCheckTimeoutDetectionEnabled=true, minConnectionPoolSizePerEndpoint=1, openConnectionsConcurrency=1, aggressiveWarmupConcurrency=2}], consistencyLevel [null], directModeProtocol [Tcp]
== APP - tapr-2023-equipe2-aluno-java == 2023-12-01T14:13:58.292Z  INFO 32714 --- [smos-parallel-1] c.a.c.i.RxDocumentClientImpl             : Getting database account endpoint from https://professoresealunosenotas.documents.azure.com:443/
== APP - tapr-2023-equipe2-aluno-java == 2023-12-01T14:13:59.379Z  INFO 32714 --- [           main] com.azure.cosmos.CosmosClientBuilder     : Cosmos Client with (Correlation) ID [00001] started up in [1313] ms with the following configuration: serviceEndpoint [https://professoresealunosenotas.documents.azure.com:443/], preferredRegions [[]], connectionPolicy [ConnectionPolicy{httpNetworkRequestTimeout=PT1M, tcpNetworkRequestTimeout=PT5S, connectionMode=GATEWAY, maxConnectionPoolSize=1000, idleHttpConnectionTimeout=PT1M, idleTcpConnectionTimeout=PT0S, userAgentSuffix='az-sd-cos/@project.version@az-sp-cos/5.5.0', throttlingRetryOptions=RetryOptions{maxRetryAttemptsOnThrottledRequests=9, maxRetryWaitTime=PT30S}, endpointDiscoveryEnabled=true, preferredRegions=null, multipleWriteRegionsEnabled=true, proxyType=null, inetSocketProxyAddress=null, readRequestsFallbackEnabled=true, connectTimeout=PT5S, idleTcpEndpointTimeout=PT1H, maxConnectionsPerEndpoint=130, maxRequestsPerConnection=30, tcpConnectionEndpointRediscoveryEnabled=true, ioThreadPriority=5, ioThreadCountPerCoreFactor=2, tcpHealthCheckTimeoutDetectionEnabled=true, minConnectionPoolSizePerEndpoint=1, openConnectionsConcurrency=1, aggressiveWarmupConcurrency=2}], consistencyLevel [null], contentResponseOnWriteEnabled [true], sessionCapturingOverride [false], connectionSharingAcrossClients [false], clientTelemetryEnabled [false], proactiveContainerInit [null], diagnostics [{samplingRate=1.0, thresholds={pointOperationLatencyThreshold=PT1S, nonPointOperationLatencyThreshold=PT3S, requestChargeThreshold=1000.0, payloadSizeInBytesThreshold=2147483647, customFailureHandler=false}, clientCorrelationId=null, clientTelemetryEnabled=false, clientMetricsEnabled=false, transportLevelTracingEnabled=false, customTracerProvided=false, customDiagnosticHandlers=()}], tracing [false, false]
== APP - tapr-2023-equipe2-aluno-java == 2023-12-01T14:14:01.558Z  INFO 32714 --- [           main] c.a.c.i.RxDocumentClientImpl             : Initializing DocumentClient [2] with serviceEndpoint [https://professoresealunosenotas.documents.azure.com:443/], connectionPolicy [ConnectionPolicy{httpNetworkRequestTimeout=PT1M, tcpNetworkRequestTimeout=PT5S, connectionMode=GATEWAY, maxConnectionPoolSize=1000, idleHttpConnectionTimeout=PT1M, idleTcpConnectionTimeout=PT0S, userAgentSuffix='az-sd-cos/@project.version@az-sp-cos/5.5.0', throttlingRetryOptions=RetryOptions{maxRetryAttemptsOnThrottledRequests=9, maxRetryWaitTime=PT30S}, endpointDiscoveryEnabled=true, preferredRegions=null, multipleWriteRegionsEnabled=true, proxyType=null, inetSocketProxyAddress=null, readRequestsFallbackEnabled=true, connectTimeout=PT5S, idleTcpEndpointTimeout=PT1H, maxConnectionsPerEndpoint=130, maxRequestsPerConnection=30, tcpConnectionEndpointRediscoveryEnabled=true, ioThreadPriority=5, ioThreadCountPerCoreFactor=2, tcpHealthCheckTimeoutDetectionEnabled=true, minConnectionPoolSizePerEndpoint=1, openConnectionsConcurrency=1, aggressiveWarmupConcurrency=2}], consistencyLevel [null], directModeProtocol [Tcp]
== APP - tapr-2023-equipe2-aluno-java == 2023-12-01T14:14:01.559Z  INFO 32714 --- [smos-parallel-1] c.a.c.i.RxDocumentClientImpl             : Getting database account endpoint from https://professoresealunosenotas.documents.azure.com:443/
== APP - tapr-2023-equipe2-aluno-java == 2023-12-01T14:14:02.073Z  INFO 32714 --- [           main] com.azure.cosmos.CosmosClientBuilder     : Cosmos Client with (Correlation) ID [00002] started up in [515] ms with the following configuration: serviceEndpoint [https://professoresealunosenotas.documents.azure.com:443/], preferredRegions [[]], connectionPolicy [ConnectionPolicy{httpNetworkRequestTimeout=PT1M, tcpNetworkRequestTimeout=PT5S, connectionMode=GATEWAY, maxConnectionPoolSize=1000, idleHttpConnectionTimeout=PT1M, idleTcpConnectionTimeout=PT0S, userAgentSuffix='az-sd-cos/@project.version@az-sp-cos/5.5.0', throttlingRetryOptions=RetryOptions{maxRetryAttemptsOnThrottledRequests=9, maxRetryWaitTime=PT30S}, endpointDiscoveryEnabled=true, preferredRegions=null, multipleWriteRegionsEnabled=true, proxyType=null, inetSocketProxyAddress=null, readRequestsFallbackEnabled=true, connectTimeout=PT5S, idleTcpEndpointTimeout=PT1H, maxConnectionsPerEndpoint=130, maxRequestsPerConnection=30, tcpConnectionEndpointRediscoveryEnabled=true, ioThreadPriority=5, ioThreadCountPerCoreFactor=2, tcpHealthCheckTimeoutDetectionEnabled=true, minConnectionPoolSizePerEndpoint=1, openConnectionsConcurrency=1, aggressiveWarmupConcurrency=2}], consistencyLevel [null], contentResponseOnWriteEnabled [true], sessionCapturingOverride [false], connectionSharingAcrossClients [false], clientTelemetryEnabled [false], proactiveContainerInit [null], diagnostics [{samplingRate=1.0, thresholds={pointOperationLatencyThreshold=PT1S, nonPointOperationLatencyThreshold=PT3S, requestChargeThreshold=1000.0, payloadSizeInBytesThreshold=2147483647, customFailureHandler=false}, clientCorrelationId=null, clientTelemetryEnabled=false, clientMetricsEnabled=false, transportLevelTracingEnabled=false, customTracerProvided=false, customDiagnosticHandlers=()}], tracing [false, false]
== APP - tapr-2023-equipe2-aluno-java == 2023-12-01T14:14:02.076Z  INFO 32714 --- [           main] c.a.c.i.RxDocumentClientImpl             : Initializing DocumentClient [3] with serviceEndpoint [https://professoresealunosenotas.documents.azure.com:443/], connectionPolicy [ConnectionPolicy{httpNetworkRequestTimeout=PT1M, tcpNetworkRequestTimeout=PT5S, connectionMode=GATEWAY, maxConnectionPoolSize=1000, idleHttpConnectionTimeout=PT1M, idleTcpConnectionTimeout=PT0S, userAgentSuffix='az-sd-cos/@project.version@az-sp-cos/5.5.0', throttlingRetryOptions=RetryOptions{maxRetryAttemptsOnThrottledRequests=9, maxRetryWaitTime=PT30S}, endpointDiscoveryEnabled=true, preferredRegions=null, multipleWriteRegionsEnabled=true, proxyType=null, inetSocketProxyAddress=null, readRequestsFallbackEnabled=true, connectTimeout=PT5S, idleTcpEndpointTimeout=PT1H, maxConnectionsPerEndpoint=130, maxRequestsPerConnection=30, tcpConnectionEndpointRediscoveryEnabled=true, ioThreadPriority=5, ioThreadCountPerCoreFactor=2, tcpHealthCheckTimeoutDetectionEnabled=true, minConnectionPoolSizePerEndpoint=1, openConnectionsConcurrency=1, aggressiveWarmupConcurrency=2}], consistencyLevel [null], directModeProtocol [Tcp]
== APP - tapr-2023-equipe2-aluno-java == 2023-12-01T14:14:02.077Z  INFO 32714 --- [smos-parallel-1] c.a.c.i.RxDocumentClientImpl             : Getting database account endpoint from https://professoresealunosenotas.documents.azure.com:443/
== APP - tapr-2023-equipe2-aluno-java == 2023-12-01T14:14:02.591Z  INFO 32714 --- [           main] com.azure.cosmos.CosmosClientBuilder     : Cosmos Client with (Correlation) ID [00003] started up in [515] ms with the following configuration: serviceEndpoint [https://professoresealunosenotas.documents.azure.com:443/], preferredRegions [[]], connectionPolicy [ConnectionPolicy{httpNetworkRequestTimeout=PT1M, tcpNetworkRequestTimeout=PT5S, connectionMode=GATEWAY, maxConnectionPoolSize=1000, idleHttpConnectionTimeout=PT1M, idleTcpConnectionTimeout=PT0S, userAgentSuffix='az-sd-cos/@project.version@az-sp-cos/5.5.0', throttlingRetryOptions=RetryOptions{maxRetryAttemptsOnThrottledRequests=9, maxRetryWaitTime=PT30S}, endpointDiscoveryEnabled=true, preferredRegions=null, multipleWriteRegionsEnabled=true, proxyType=null, inetSocketProxyAddress=null, readRequestsFallbackEnabled=true, connectTimeout=PT5S, idleTcpEndpointTimeout=PT1H, maxConnectionsPerEndpoint=130, maxRequestsPerConnection=30, tcpConnectionEndpointRediscoveryEnabled=true, ioThreadPriority=5, ioThreadCountPerCoreFactor=2, tcpHealthCheckTimeoutDetectionEnabled=true, minConnectionPoolSizePerEndpoint=1, openConnectionsConcurrency=1, aggressiveWarmupConcurrency=2}], consistencyLevel [null], contentResponseOnWriteEnabled [true], sessionCapturingOverride [false], connectionSharingAcrossClients [false], clientTelemetryEnabled [false], proactiveContainerInit [null], diagnostics [{samplingRate=1.0, thresholds={pointOperationLatencyThreshold=PT1S, nonPointOperationLatencyThreshold=PT3S, requestChargeThreshold=1000.0, payloadSizeInBytesThreshold=2147483647, customFailureHandler=false}, clientCorrelationId=null, clientTelemetryEnabled=false, clientMetricsEnabled=false, transportLevelTracingEnabled=false, customTracerProvided=false, customDiagnosticHandlers=()}], tracing [false, false]
== APP - tapr-2023-equipe2-aluno-java == 2023-12-01T14:14:02.931Z  WARN 32714 --- [           main] ConfigServletWebServerApplicationContext : Exception encountered during context initialization - cancelling refresh attempt: org.springframework.context.ApplicationContextException: Failed to start bean 'webServerStartStop'
== APP - tapr-2023-equipe2-aluno-java == 2023-12-01T14:14:02.933Z  INFO 32714 --- [           main] c.a.c.i.RxDocumentClientImpl             : Attempting to close client 3
== APP - tapr-2023-equipe2-aluno-java == 2023-12-01T14:14:02.933Z  INFO 32714 --- [           main] c.a.c.i.RxDocumentClientImpl             : Shutting down ...
== APP - tapr-2023-equipe2-aluno-java == 2023-12-01T14:14:02.934Z  INFO 32714 --- [           main] c.a.c.i.RxDocumentClientImpl             : Closing Global Endpoint Manager ...
== APP - tapr-2023-equipe2-aluno-java == 2023-12-01T14:14:02.947Z  INFO 32714 --- [           main] c.a.c.i.RxDocumentClientImpl             : Closing StoreClientFactory ...
== APP - tapr-2023-equipe2-aluno-java == 2023-12-01T14:14:02.947Z  INFO 32714 --- [           main] c.a.c.i.RxDocumentClientImpl             : Shutting down reactorHttpClient ...
== APP - tapr-2023-equipe2-aluno-java == 2023-12-01T14:14:02.978Z  INFO 32714 --- [           main] c.a.c.i.RxDocumentClientImpl             : Shutting down CpuMonitor ...
== APP - tapr-2023-equipe2-aluno-java == 2023-12-01T14:14:02.979Z  INFO 32714 --- [           main] c.a.c.i.RxDocumentClientImpl             : Shutting down completed.
== APP - tapr-2023-equipe2-aluno-java == 2023-12-01T14:14:02.979Z  INFO 32714 --- [           main] c.a.c.i.RxDocumentClientImpl             : Attempting to close client 2
== APP - tapr-2023-equipe2-aluno-java == 2023-12-01T14:14:02.980Z  INFO 32714 --- [           main] c.a.c.i.RxDocumentClientImpl             : Shutting down ...
== APP - tapr-2023-equipe2-aluno-java == 2023-12-01T14:14:02.980Z  INFO 32714 --- [           main] c.a.c.i.RxDocumentClientImpl             : Closing Global Endpoint Manager ...
== APP - tapr-2023-equipe2-aluno-java == 2023-12-01T14:14:02.980Z  INFO 32714 --- [           main] c.a.c.i.RxDocumentClientImpl             : Closing StoreClientFactory ...
== APP - tapr-2023-equipe2-aluno-java == 2023-12-01T14:14:02.981Z  INFO 32714 --- [           main] c.a.c.i.RxDocumentClientImpl             : Shutting down reactorHttpClient ...
== APP - tapr-2023-equipe2-aluno-java == 2023-12-01T14:14:02.982Z  INFO 32714 --- [           main] c.a.c.i.RxDocumentClientImpl             : Shutting down CpuMonitor ...
== APP - tapr-2023-equipe2-aluno-java == 2023-12-01T14:14:02.982Z  INFO 32714 --- [           main] c.a.c.i.RxDocumentClientImpl             : Shutting down completed.
== APP - tapr-2023-equipe2-aluno-java == 2023-12-01T14:14:02.987Z  INFO 32714 --- [           main] c.a.c.i.RxDocumentClientImpl             : Attempting to close client 1
== APP - tapr-2023-equipe2-aluno-java == 2023-12-01T14:14:02.988Z  INFO 32714 --- [           main] c.a.c.i.RxDocumentClientImpl             : Shutting down ...
== APP - tapr-2023-equipe2-aluno-java == 2023-12-01T14:14:02.989Z  INFO 32714 --- [           main] c.a.c.i.RxDocumentClientImpl             : Closing Global Endpoint Manager ...
== APP - tapr-2023-equipe2-aluno-java == 2023-12-01T14:14:02.989Z  INFO 32714 --- [           main] c.a.c.i.RxDocumentClientImpl             : Closing StoreClientFactory ...
== APP - tapr-2023-equipe2-aluno-java == 2023-12-01T14:14:02.990Z  INFO 32714 --- [           main] c.a.c.i.RxDocumentClientImpl             : Shutting down reactorHttpClient ...
== APP - tapr-2023-equipe2-aluno-java == 2023-12-01T14:14:02.993Z  INFO 32714 --- [           main] c.a.c.i.RxDocumentClientImpl             : Shutting down CpuMonitor ...
== APP - tapr-2023-equipe2-aluno-java == 2023-12-01T14:14:02.994Z  INFO 32714 --- [           main] c.a.c.i.RxDocumentClientImpl             : Shutting down completed.
== APP - tapr-2023-equipe2-aluno-java == 2023-12-01T14:14:02.999Z  INFO 32714 --- [           main] o.apache.catalina.core.StandardService   : Stopping service [Tomcat]
== APP - tapr-2023-equipe2-aluno-java == 2023-12-01T14:14:03.052Z  INFO 32714 --- [           main] .s.b.a.l.ConditionEvaluationReportLogger : 
== APP - tapr-2023-equipe2-aluno-java == 
== APP - tapr-2023-equipe2-aluno-java == Error starting ApplicationContext. To display the condition evaluation report re-run your application with 'debug' enabled.
== APP - tapr-2023-equipe2-aluno-java == 2023-12-01T14:14:03.071Z ERROR 32714 --- [           main] o.s.b.d.LoggingFailureAnalysisReporter   : 
== APP - tapr-2023-equipe2-aluno-java == 
== APP - tapr-2023-equipe2-aluno-java == ***************************
== APP - tapr-2023-equipe2-aluno-java == APPLICATION FAILED TO START
== APP - tapr-2023-equipe2-aluno-java == ***************************
== APP - tapr-2023-equipe2-aluno-java == 
== APP - tapr-2023-equipe2-aluno-java == Description:
== APP - tapr-2023-equipe2-aluno-java == 
== APP - tapr-2023-equipe2-aluno-java == Web server failed to start. Port 8080 was already in use.
== APP - tapr-2023-equipe2-aluno-java == 
== APP - tapr-2023-equipe2-aluno-java == Action:
== APP - tapr-2023-equipe2-aluno-java == 
== APP - tapr-2023-equipe2-aluno-java == Identify and stop the process that's listening on port 8080 or configure this application to listen on another port.
== APP - tapr-2023-equipe2-aluno-java == 
The App process exited with error code: exit status 1
