Starting Dapr with id tapr-2023-equipe2-aluno-java. HTTP Port: 45185. gRPC Port: 34109
Updating metadata for cliPID: 8438
time="2023-12-01T13:47:44.869718651Z" level=info msg="Starting Dapr Runtime -- version 1.12.2 -- commit f954254ed520409602024ea6d507d0405afa1f07" app_id=tapr-2023-equipe2-aluno-java instance=codespaces-239173 scope=dapr.runtime type=log ver=1.12.2
time="2023-12-01T13:47:44.869801095Z" level=info msg="Log level set to: info" app_id=tapr-2023-equipe2-aluno-java instance=codespaces-239173 scope=dapr.runtime type=log ver=1.12.2
time="2023-12-01T13:47:44.881504628Z" level=warning msg="mTLS is disabled. Skipping certificate request and tls validation" app_id=tapr-2023-equipe2-aluno-java instance=codespaces-239173 scope=dapr.runtime.security type=log ver=1.12.2
time="2023-12-01T13:47:44.892804295Z" level=info msg="standalone mode configured" app_id=tapr-2023-equipe2-aluno-java instance=codespaces-239173 scope=dapr.runtime type=log ver=1.12.2
time="2023-12-01T13:47:44.893127949Z" level=info msg="app id: tapr-2023-equipe2-aluno-java" app_id=tapr-2023-equipe2-aluno-java instance=codespaces-239173 scope=dapr.runtime type=log ver=1.12.2
time="2023-12-01T13:47:44.893230911Z" level=info msg="Dapr trace sampler initialized: DaprTraceSampler(P=1.000000)" app_id=tapr-2023-equipe2-aluno-java instance=codespaces-239173 scope=dapr.runtime type=log ver=1.12.2
time="2023-12-01T13:47:44.89298931Z" level=info msg="metrics server started on :40969/" app_id=tapr-2023-equipe2-aluno-java instance=codespaces-239173 scope=dapr.runtime type=log ver=1.12.2
time="2023-12-01T13:47:44.901657088Z" level=info msg="local service entry announced: tapr-2023-equipe2-aluno-java -> 172.16.5.4:32883" app_id=tapr-2023-equipe2-aluno-java component="mdns (nameResolution/v1)" instance=codespaces-239173 scope=dapr.contrib type=log ver=1.12.2
time="2023-12-01T13:47:44.901741625Z" level=info msg="Initialized name resolution to mdns" app_id=tapr-2023-equipe2-aluno-java instance=codespaces-239173 scope=dapr.runtime type=log ver=1.12.2
time="2023-12-01T13:47:44.901832505Z" level=info msg="Loading components…" app_id=tapr-2023-equipe2-aluno-java instance=codespaces-239173 scope=dapr.runtime type=log ver=1.12.2
time="2023-12-01T13:47:44.902964727Z" level=info msg="Waiting for all outstanding components to be processed…" app_id=tapr-2023-equipe2-aluno-java instance=codespaces-239173 scope=dapr.runtime type=log ver=1.12.2
time="2023-12-01T13:47:47.907416755Z" level=info msg="Component loaded: servicebus-pubsub (pubsub.azure.servicebus.topics/v1)" app_id=tapr-2023-equipe2-aluno-java instance=codespaces-239173 scope=dapr.runtime type=log ver=1.12.2
time="2023-12-01T13:47:47.907511842Z" level=info msg="All outstanding components processed" app_id=tapr-2023-equipe2-aluno-java instance=codespaces-239173 scope=dapr.runtime type=log ver=1.12.2
time="2023-12-01T13:47:47.907552468Z" level=info msg="Loading endpoints…" app_id=tapr-2023-equipe2-aluno-java instance=codespaces-239173 scope=dapr.runtime type=log ver=1.12.2
time="2023-12-01T13:47:47.907810509Z" level=info msg="Waiting for all outstanding http endpoints to be processed…" app_id=tapr-2023-equipe2-aluno-java instance=codespaces-239173 scope=dapr.runtime type=log ver=1.12.2
time="2023-12-01T13:47:47.907862476Z" level=info msg="All outstanding http endpoints processed" app_id=tapr-2023-equipe2-aluno-java instance=codespaces-239173 scope=dapr.runtime type=log ver=1.12.2
time="2023-12-01T13:47:47.907974806Z" level=info msg="gRPC server listening on TCP address: :34109" app_id=tapr-2023-equipe2-aluno-java instance=codespaces-239173 scope=dapr.runtime.grpc.api type=log ver=1.12.2
time="2023-12-01T13:47:47.908022655Z" level=info msg="Enabled gRPC tracing middleware" app_id=tapr-2023-equipe2-aluno-java instance=codespaces-239173 scope=dapr.runtime.grpc.api type=log ver=1.12.2
time="2023-12-01T13:47:47.908052521Z" level=info msg="Enabled gRPC metrics middleware" app_id=tapr-2023-equipe2-aluno-java instance=codespaces-239173 scope=dapr.runtime.grpc.api type=log ver=1.12.2
time="2023-12-01T13:47:47.908151826Z" level=info msg="Registering workflow engine for gRPC endpoint: [::]:34109" app_id=tapr-2023-equipe2-aluno-java instance=codespaces-239173 scope=dapr.runtime.grpc.api type=log ver=1.12.2
time="2023-12-01T13:47:47.908291867Z" level=info msg="API gRPC server is running on port 34109" app_id=tapr-2023-equipe2-aluno-java instance=codespaces-239173 scope=dapr.runtime type=log ver=1.12.2
time="2023-12-01T13:47:47.908520023Z" level=info msg="Enabled max body size HTTP middleware with size 4 MB" app_id=tapr-2023-equipe2-aluno-java instance=codespaces-239173 scope=dapr.runtime.http type=log ver=1.12.2
time="2023-12-01T13:47:47.908565638Z" level=info msg="Enabled tracing HTTP middleware" app_id=tapr-2023-equipe2-aluno-java instance=codespaces-239173 scope=dapr.runtime.http type=log ver=1.12.2
time="2023-12-01T13:47:47.908592388Z" level=info msg="Enabled metrics HTTP middleware" app_id=tapr-2023-equipe2-aluno-java instance=codespaces-239173 scope=dapr.runtime.http type=log ver=1.12.2
time="2023-12-01T13:47:47.908951988Z" level=info msg="HTTP server listening on TCP address: :45185" app_id=tapr-2023-equipe2-aluno-java instance=codespaces-239173 scope=dapr.runtime.http type=log ver=1.12.2
time="2023-12-01T13:47:47.90901163Z" level=info msg="HTTP server is running on port 45185" app_id=tapr-2023-equipe2-aluno-java instance=codespaces-239173 scope=dapr.runtime type=log ver=1.12.2
time="2023-12-01T13:47:47.909097299Z" level=info msg="The request body size parameter is: 4" app_id=tapr-2023-equipe2-aluno-java instance=codespaces-239173 scope=dapr.runtime type=log ver=1.12.2
time="2023-12-01T13:47:47.909167941Z" level=info msg="gRPC server listening on TCP address: :32883" app_id=tapr-2023-equipe2-aluno-java instance=codespaces-239173 scope=dapr.runtime.grpc.internal type=log ver=1.12.2
time="2023-12-01T13:47:47.909210621Z" level=info msg="Enabled gRPC tracing middleware" app_id=tapr-2023-equipe2-aluno-java instance=codespaces-239173 scope=dapr.runtime.grpc.internal type=log ver=1.12.2
time="2023-12-01T13:47:47.909241999Z" level=info msg="Enabled gRPC metrics middleware" app_id=tapr-2023-equipe2-aluno-java instance=codespaces-239173 scope=dapr.runtime.grpc.internal type=log ver=1.12.2
time="2023-12-01T13:47:47.909298976Z" level=info msg="Internal gRPC server is running on port 32883" app_id=tapr-2023-equipe2-aluno-java instance=codespaces-239173 scope=dapr.runtime type=log ver=1.12.2
time="2023-12-01T13:47:47.909417567Z" level=info msg="application protocol: http. waiting on port 8080.  This will block until the app is listening on that port." app_id=tapr-2023-equipe2-aluno-java instance=codespaces-239173 scope=dapr.runtime type=log ver=1.12.2
Updating metadata for app command: /usr/lib/jvm/java-1.17.0-openjdk-amd64/bin/java -jar notasalunosprofessor-0.0.1-SNAPSHOT.jar
Updating metadata for appPID: 8541
You're up and running! Dapr logs will appear here.

time="2023-12-01T13:47:56.150699442Z" level=info msg="application discovered on port 8080" app_id=tapr-2023-equipe2-aluno-java instance=codespaces-239173 scope=dapr.runtime type=log ver=1.12.2
time="2023-12-01T13:47:56.255299904Z" level=info msg="Application configuration loaded" app_id=tapr-2023-equipe2-aluno-java instance=codespaces-239173 scope=dapr.runtime type=log ver=1.12.2
time="2023-12-01T13:47:56.255369153Z" level=info msg="actors: state store is not configured - this is okay for clients but services with hosted actors will fail to initialize!" app_id=tapr-2023-equipe2-aluno-java instance=codespaces-239173 scope=dapr.runtime type=log ver=1.12.2
time="2023-12-01T13:47:56.264109285Z" level=info msg="Actor runtime started. Actor idle timeout: 1h0m0s. Actor scan interval: 30s" app_id=tapr-2023-equipe2-aluno-java instance=codespaces-239173 scope=dapr.runtime.actor type=log ver=1.12.2
time="2023-12-01T13:47:56.264155512Z" level=info msg="Configuring workflow engine with actors backend" app_id=tapr-2023-equipe2-aluno-java instance=codespaces-239173 scope=dapr.runtime.wfengine type=log ver=1.12.2
time="2023-12-01T13:47:56.264176691Z" level=info msg="Registering component for dapr workflow engine..." app_id=tapr-2023-equipe2-aluno-java instance=codespaces-239173 scope=dapr.runtime type=log ver=1.12.2
time="2023-12-01T13:47:56.264231062Z" level=info msg="Initializing Dapr workflow component" app_id=tapr-2023-equipe2-aluno-java component="dapr (workflow.dapr/v1)" instance=codespaces-239173 scope=dapr.contrib type=log ver=1.12.2
time="2023-12-01T13:47:56.343004444Z" level=info msg="app is subscribed to the following topics: [topico-equipe-2-aluno] through pubsub=servicebus-pubsub" app_id=tapr-2023-equipe2-aluno-java instance=codespaces-239173 scope=dapr.runtime.processor.pubsub type=log ver=1.12.2
time="2023-12-01T13:47:56.388513392Z" level=info msg="Placement tables updated, version: 0" app_id=tapr-2023-equipe2-aluno-java instance=codespaces-239173 scope=dapr.runtime.actors.placement type=log ver=1.12.2
time="2023-12-01T13:47:57.345948464Z" level=warning msg="failed to subscribe to topics: error occurred while beginning pubsub servicebus-pubsub: error occurred while beginning pubsub for topic topico-equipe-2-aluno on component servicebus-pubsub: failed to subscribe to topic topico-equipe-2-aluno: could not get topic topico-equipe-2-aluno: ChainedTokenCredential: failed to acquire a token.\nAttempted credentials:\n\tmanaged identity\n\tAzureCLICredential: Azure CLI not found on path " app_id=tapr-2023-equipe2-aluno-java instance=codespaces-239173 scope=dapr.runtime type=log ver=1.12.2
time="2023-12-01T13:47:57.346009278Z" level=info msg="dapr initialized. Status: Running. Init Elapsed 12453ms" app_id=tapr-2023-equipe2-aluno-java instance=codespaces-239173 scope=dapr.runtime type=log ver=1.12.2
time="2023-12-01T13:49:12.797756434Z" level=warning msg="Could not publish Service Bus message (nil). Retrying...: failed to create a sender: could not get topic topico-equipe-2-aluno: ChainedTokenCredential: failed to acquire a token.\nAttempted credentials:\n\tmanaged identity\n\tAzureCLICredential: Azure CLI not found on path" app_id=tapr-2023-equipe2-aluno-java component="servicebus-pubsub (pubsub.azure.servicebus.topics/v1)" instance=codespaces-239173 scope=dapr.contrib type=log ver=1.12.2
time="2023-12-01T13:49:24.989095729Z" level=error msg="Too many failed attempts while publishing Service Bus message (nil): failed to create a sender: could not get topic topico-equipe-2-aluno: ChainedTokenCredential: failed to acquire a token.\nAttempted credentials:\n\tmanaged identity\n\tAzureCLICredential: Azure CLI not found on path" app_id=tapr-2023-equipe2-aluno-java component="servicebus-pubsub (pubsub.azure.servicebus.topics/v1)" instance=codespaces-239173 scope=dapr.contrib type=log ver=1.12.2
time="2023-12-01T13:57:35.42208457Z" level=warning msg="Could not publish Service Bus message (nil). Retrying...: failed to create a sender: could not get topic topico-equipe-2-aluno: ChainedTokenCredential: failed to acquire a token.\nAttempted credentials:\n\tmanaged identity\n\tAzureCLICredential: Azure CLI not found on path" app_id=tapr-2023-equipe2-aluno-java component="servicebus-pubsub (pubsub.azure.servicebus.topics/v1)" instance=codespaces-239173 scope=dapr.contrib type=log ver=1.12.2
time="2023-12-01T13:57:46.787838406Z" level=error msg="Too many failed attempts while publishing Service Bus message (nil): failed to create a sender: could not get topic topico-equipe-2-aluno: ChainedTokenCredential: failed to acquire a token.\nAttempted credentials:\n\tmanaged identity\n\tAzureCLICredential: Azure CLI not found on path" app_id=tapr-2023-equipe2-aluno-java component="servicebus-pubsub (pubsub.azure.servicebus.topics/v1)" instance=codespaces-239173 scope=dapr.contrib type=log ver=1.12.2
time="2023-12-01T14:13:31.860644805Z" level=warning msg="Could not publish Service Bus message (nil). Retrying...: failed to create a sender: could not get topic topico-equipe-2-aluno: ChainedTokenCredential: failed to acquire a token.\nAttempted credentials:\n\tmanaged identity\n\tAzureCLICredential: Azure CLI not found on path" app_id=tapr-2023-equipe2-aluno-java component="servicebus-pubsub (pubsub.azure.servicebus.topics/v1)" instance=codespaces-239173 scope=dapr.contrib type=log ver=1.12.2
time="2023-12-01T14:13:42.873697102Z" level=error msg="Too many failed attempts while publishing Service Bus message (nil): failed to create a sender: could not get topic topico-equipe-2-aluno: ChainedTokenCredential: failed to acquire a token.\nAttempted credentials:\n\tmanaged identity\n\tAzureCLICredential: Azure CLI not found on path" app_id=tapr-2023-equipe2-aluno-java component="servicebus-pubsub (pubsub.azure.servicebus.topics/v1)" instance=codespaces-239173 scope=dapr.contrib type=log ver=1.12.2
time="2023-12-01T14:21:59.160216488Z" level=warning msg="Could not publish Service Bus message (nil). Retrying...: failed to create a sender: could not get topic topico-equipe-2-aluno: ChainedTokenCredential: failed to acquire a token.\nAttempted credentials:\n\tmanaged identity\n\tAzureCLICredential: Azure CLI not found on path" app_id=tapr-2023-equipe2-aluno-java component="servicebus-pubsub (pubsub.azure.servicebus.topics/v1)" instance=codespaces-239173 scope=dapr.contrib type=log ver=1.12.2
time="2023-12-01T14:22:13.009918155Z" level=error msg="Too many failed attempts while publishing Service Bus message (nil): failed to create a sender: could not get topic topico-equipe-2-aluno: ChainedTokenCredential: failed to acquire a token.\nAttempted credentials:\n\tmanaged identity\n\tAzureCLICredential: Azure CLI not found on path" app_id=tapr-2023-equipe2-aluno-java component="servicebus-pubsub (pubsub.azure.servicebus.topics/v1)" instance=codespaces-239173 scope=dapr.contrib type=log ver=1.12.2
time="2023-12-01T14:46:52.136032693Z" level=warning msg="Could not publish Service Bus message (nil). Retrying...: failed to create a sender: could not get topic topico-equipe-2-aluno: ChainedTokenCredential: failed to acquire a token.\nAttempted credentials:\n\tmanaged identity\n\tAzureCLICredential: Azure CLI not found on path" app_id=tapr-2023-equipe2-aluno-java component="servicebus-pubsub (pubsub.azure.servicebus.topics/v1)" instance=codespaces-239173 scope=dapr.contrib type=log ver=1.12.2
time="2023-12-01T14:47:05.703367927Z" level=error msg="Too many failed attempts while publishing Service Bus message (nil): failed to create a sender: could not get topic topico-equipe-2-aluno: ChainedTokenCredential: failed to acquire a token.\nAttempted credentials:\n\tmanaged identity\n\tAzureCLICredential: Azure CLI not found on path" app_id=tapr-2023-equipe2-aluno-java component="servicebus-pubsub (pubsub.azure.servicebus.topics/v1)" instance=codespaces-239173 scope=dapr.contrib type=log ver=1.12.2
time="2023-12-01T14:49:52.138244235Z" level=warning msg="Could not publish Service Bus message (nil). Retrying...: failed to create a sender: could not get topic topico-equipe-2-aluno: ChainedTokenCredential: failed to acquire a token.\nAttempted credentials:\n\tmanaged identity\n\tAzureCLICredential: Azure CLI not found on path" app_id=tapr-2023-equipe2-aluno-java component="servicebus-pubsub (pubsub.azure.servicebus.topics/v1)" instance=codespaces-239173 scope=dapr.contrib type=log ver=1.12.2
time="2023-12-01T14:50:02.766707471Z" level=error msg="Too many failed attempts while publishing Service Bus message (nil): failed to create a sender: could not get topic topico-equipe-2-aluno: ChainedTokenCredential: failed to acquire a token.\nAttempted credentials:\n\tmanaged identity\n\tAzureCLICredential: Azure CLI not found on path" app_id=tapr-2023-equipe2-aluno-java component="servicebus-pubsub (pubsub.azure.servicebus.topics/v1)" instance=codespaces-239173 scope=dapr.contrib type=log ver=1.12.2
