Starting Dapr with id tapr-2023-equipe2-aluno-java. HTTP Port: 46831. gRPC Port: 44307
Updating metadata for cliPID: 70390
time="2023-12-01T14:53:14.750873855Z" level=info msg="Starting Dapr Runtime -- version 1.12.2 -- commit f954254ed520409602024ea6d507d0405afa1f07" app_id=tapr-2023-equipe2-aluno-java instance=codespaces-239173 scope=dapr.runtime type=log ver=1.12.2
time="2023-12-01T14:53:14.750958823Z" level=info msg="Log level set to: info" app_id=tapr-2023-equipe2-aluno-java instance=codespaces-239173 scope=dapr.runtime type=log ver=1.12.2
time="2023-12-01T14:53:14.751205283Z" level=warning msg="mTLS is disabled. Skipping certificate request and tls validation" app_id=tapr-2023-equipe2-aluno-java instance=codespaces-239173 scope=dapr.runtime.security type=log ver=1.12.2
time="2023-12-01T14:53:14.752248358Z" level=info msg="metrics server started on :37285/" app_id=tapr-2023-equipe2-aluno-java instance=codespaces-239173 scope=dapr.runtime type=log ver=1.12.2
time="2023-12-01T14:53:14.752588663Z" level=info msg="standalone mode configured" app_id=tapr-2023-equipe2-aluno-java instance=codespaces-239173 scope=dapr.runtime type=log ver=1.12.2
time="2023-12-01T14:53:14.752659565Z" level=info msg="app id: tapr-2023-equipe2-aluno-java" app_id=tapr-2023-equipe2-aluno-java instance=codespaces-239173 scope=dapr.runtime type=log ver=1.12.2
time="2023-12-01T14:53:14.7527425Z" level=info msg="Dapr trace sampler initialized: DaprTraceSampler(P=1.000000)" app_id=tapr-2023-equipe2-aluno-java instance=codespaces-239173 scope=dapr.runtime type=log ver=1.12.2
time="2023-12-01T14:53:14.753179806Z" level=info msg="local service entry announced: tapr-2023-equipe2-aluno-java -> 172.16.5.4:37333" app_id=tapr-2023-equipe2-aluno-java component="mdns (nameResolution/v1)" instance=codespaces-239173 scope=dapr.contrib type=log ver=1.12.2
time="2023-12-01T14:53:14.75325685Z" level=info msg="Initialized name resolution to mdns" app_id=tapr-2023-equipe2-aluno-java instance=codespaces-239173 scope=dapr.runtime type=log ver=1.12.2
time="2023-12-01T14:53:14.753357998Z" level=info msg="Loading components…" app_id=tapr-2023-equipe2-aluno-java instance=codespaces-239173 scope=dapr.runtime type=log ver=1.12.2
time="2023-12-01T14:53:14.754017618Z" level=info msg="Waiting for all outstanding components to be processed…" app_id=tapr-2023-equipe2-aluno-java instance=codespaces-239173 scope=dapr.runtime type=log ver=1.12.2
time="2023-12-01T14:53:17.755293807Z" level=info msg="Component loaded: servicebus-pubsub (pubsub.azure.servicebus.topics/v1)" app_id=tapr-2023-equipe2-aluno-java instance=codespaces-239173 scope=dapr.runtime type=log ver=1.12.2
time="2023-12-01T14:53:17.755454897Z" level=info msg="All outstanding components processed" app_id=tapr-2023-equipe2-aluno-java instance=codespaces-239173 scope=dapr.runtime type=log ver=1.12.2
time="2023-12-01T14:53:17.755504219Z" level=info msg="Loading endpoints…" app_id=tapr-2023-equipe2-aluno-java instance=codespaces-239173 scope=dapr.runtime type=log ver=1.12.2
time="2023-12-01T14:53:17.755883086Z" level=info msg="Waiting for all outstanding http endpoints to be processed…" app_id=tapr-2023-equipe2-aluno-java instance=codespaces-239173 scope=dapr.runtime type=log ver=1.12.2
time="2023-12-01T14:53:17.755946494Z" level=info msg="All outstanding http endpoints processed" app_id=tapr-2023-equipe2-aluno-java instance=codespaces-239173 scope=dapr.runtime type=log ver=1.12.2
time="2023-12-01T14:53:17.756087327Z" level=info msg="gRPC server listening on TCP address: :44307" app_id=tapr-2023-equipe2-aluno-java instance=codespaces-239173 scope=dapr.runtime.grpc.api type=log ver=1.12.2
time="2023-12-01T14:53:17.756133322Z" level=info msg="Enabled gRPC tracing middleware" app_id=tapr-2023-equipe2-aluno-java instance=codespaces-239173 scope=dapr.runtime.grpc.api type=log ver=1.12.2
time="2023-12-01T14:53:17.75615876Z" level=info msg="Enabled gRPC metrics middleware" app_id=tapr-2023-equipe2-aluno-java instance=codespaces-239173 scope=dapr.runtime.grpc.api type=log ver=1.12.2
time="2023-12-01T14:53:17.756246153Z" level=info msg="Registering workflow engine for gRPC endpoint: [::]:44307" app_id=tapr-2023-equipe2-aluno-java instance=codespaces-239173 scope=dapr.runtime.grpc.api type=log ver=1.12.2
time="2023-12-01T14:53:17.756326212Z" level=info msg="API gRPC server is running on port 44307" app_id=tapr-2023-equipe2-aluno-java instance=codespaces-239173 scope=dapr.runtime type=log ver=1.12.2
time="2023-12-01T14:53:17.756439584Z" level=info msg="Enabled max body size HTTP middleware with size 4 MB" app_id=tapr-2023-equipe2-aluno-java instance=codespaces-239173 scope=dapr.runtime.http type=log ver=1.12.2
time="2023-12-01T14:53:17.7564753Z" level=info msg="Enabled tracing HTTP middleware" app_id=tapr-2023-equipe2-aluno-java instance=codespaces-239173 scope=dapr.runtime.http type=log ver=1.12.2
time="2023-12-01T14:53:17.756519162Z" level=info msg="Enabled metrics HTTP middleware" app_id=tapr-2023-equipe2-aluno-java instance=codespaces-239173 scope=dapr.runtime.http type=log ver=1.12.2
time="2023-12-01T14:53:17.756934617Z" level=info msg="HTTP server listening on TCP address: :46831" app_id=tapr-2023-equipe2-aluno-java instance=codespaces-239173 scope=dapr.runtime.http type=log ver=1.12.2
time="2023-12-01T14:53:17.757010018Z" level=info msg="HTTP server is running on port 46831" app_id=tapr-2023-equipe2-aluno-java instance=codespaces-239173 scope=dapr.runtime type=log ver=1.12.2
time="2023-12-01T14:53:17.757101358Z" level=info msg="The request body size parameter is: 4" app_id=tapr-2023-equipe2-aluno-java instance=codespaces-239173 scope=dapr.runtime type=log ver=1.12.2
time="2023-12-01T14:53:17.75715625Z" level=info msg="gRPC server listening on TCP address: :37333" app_id=tapr-2023-equipe2-aluno-java instance=codespaces-239173 scope=dapr.runtime.grpc.internal type=log ver=1.12.2
time="2023-12-01T14:53:17.757188541Z" level=info msg="Enabled gRPC tracing middleware" app_id=tapr-2023-equipe2-aluno-java instance=codespaces-239173 scope=dapr.runtime.grpc.internal type=log ver=1.12.2
time="2023-12-01T14:53:17.757216563Z" level=info msg="Enabled gRPC metrics middleware" app_id=tapr-2023-equipe2-aluno-java instance=codespaces-239173 scope=dapr.runtime.grpc.internal type=log ver=1.12.2
time="2023-12-01T14:53:17.757266807Z" level=info msg="Internal gRPC server is running on port 37333" app_id=tapr-2023-equipe2-aluno-java instance=codespaces-239173 scope=dapr.runtime type=log ver=1.12.2
time="2023-12-01T14:53:17.757411336Z" level=info msg="application protocol: http. waiting on port 8080.  This will block until the app is listening on that port." app_id=tapr-2023-equipe2-aluno-java instance=codespaces-239173 scope=dapr.runtime type=log ver=1.12.2
time="2023-12-01T14:53:17.757942627Z" level=info msg="application discovered on port 8080" app_id=tapr-2023-equipe2-aluno-java instance=codespaces-239173 scope=dapr.runtime type=log ver=1.12.2
time="2023-12-01T14:53:17.764663463Z" level=info msg="Application configuration loaded" app_id=tapr-2023-equipe2-aluno-java instance=codespaces-239173 scope=dapr.runtime type=log ver=1.12.2
time="2023-12-01T14:53:17.764732322Z" level=info msg="actors: state store is not configured - this is okay for clients but services with hosted actors will fail to initialize!" app_id=tapr-2023-equipe2-aluno-java instance=codespaces-239173 scope=dapr.runtime type=log ver=1.12.2
time="2023-12-01T14:53:17.764825395Z" level=info msg="Actor runtime started. Actor idle timeout: 1h0m0s. Actor scan interval: 30s" app_id=tapr-2023-equipe2-aluno-java instance=codespaces-239173 scope=dapr.runtime.actor type=log ver=1.12.2
time="2023-12-01T14:53:17.764864498Z" level=info msg="Configuring workflow engine with actors backend" app_id=tapr-2023-equipe2-aluno-java instance=codespaces-239173 scope=dapr.runtime.wfengine type=log ver=1.12.2
time="2023-12-01T14:53:17.764894003Z" level=info msg="Registering component for dapr workflow engine..." app_id=tapr-2023-equipe2-aluno-java instance=codespaces-239173 scope=dapr.runtime type=log ver=1.12.2
time="2023-12-01T14:53:17.764925973Z" level=info msg="Initializing Dapr workflow component" app_id=tapr-2023-equipe2-aluno-java component="dapr (workflow.dapr/v1)" instance=codespaces-239173 scope=dapr.contrib type=log ver=1.12.2
time="2023-12-01T14:53:17.769039365Z" level=info msg="app is subscribed to the following topics: [topico-equipe-2-aluno] through pubsub=servicebus-pubsub" app_id=tapr-2023-equipe2-aluno-java instance=codespaces-239173 scope=dapr.runtime.processor.pubsub type=log ver=1.12.2
time="2023-12-01T14:53:17.778502296Z" level=info msg="Placement tables updated, version: 0" app_id=tapr-2023-equipe2-aluno-java instance=codespaces-239173 scope=dapr.runtime.actors.placement type=log ver=1.12.2
time="2023-12-01T14:53:18.784753295Z" level=warning msg="failed to subscribe to topics: error occurred while beginning pubsub servicebus-pubsub: error occurred while beginning pubsub for topic topico-equipe-2-aluno on component servicebus-pubsub: failed to subscribe to topic topico-equipe-2-aluno: could not get topic topico-equipe-2-aluno: ChainedTokenCredential: failed to acquire a token.\nAttempted credentials:\n\tmanaged identity\n\tAzureCLICredential: Azure CLI not found on path " app_id=tapr-2023-equipe2-aluno-java instance=codespaces-239173 scope=dapr.runtime type=log ver=1.12.2
time="2023-12-01T14:53:18.785741847Z" level=info msg="dapr initialized. Status: Running. Init Elapsed 4033ms" app_id=tapr-2023-equipe2-aluno-java instance=codespaces-239173 scope=dapr.runtime type=log ver=1.12.2
Updating metadata for app command: /usr/lib/jvm/java-1.17.0-openjdk-amd64/bin/java -jar notasalunosprofessor-0.0.1-SNAPSHOT.jar
Updating metadata for appPID: 70405
You're up and running! Dapr logs will appear here.

