== APP - tapr-2023-equipe2-aluno-java == 
== APP - tapr-2023-equipe2-aluno-java ==   .   ____          _            __ _ _
== APP - tapr-2023-equipe2-aluno-java ==  /\\ / ___'_ __ _ _(_)_ __  __ _ \ \ \ \
== APP - tapr-2023-equipe2-aluno-java == ( ( )\___ | '_ | '_| | '_ \/ _` | \ \ \ \
== APP - tapr-2023-equipe2-aluno-java ==  \\/  ___)| |_)| | | | | || (_| |  ) ) ) )
== APP - tapr-2023-equipe2-aluno-java ==   '  |____| .__|_| |_|_| |_\__, | / / / /
== APP - tapr-2023-equipe2-aluno-java ==  =========|_|==============|___/=/_/_/_/
== APP - tapr-2023-equipe2-aluno-java ==  :: Spring Boot ::                (v3.1.2)
== APP - tapr-2023-equipe2-aluno-java == 
== APP - tapr-2023-equipe2-aluno-java == 2023-12-01T14:53:16.348Z  INFO 70405 --- [           main] c.t.n.NotasalunosprofessorApplication    : Starting NotasalunosprofessorApplication v0.0.1-SNAPSHOT using Java 17.0.9 with PID 70405 (/workspaces/topicosavancadosprogramacao/notasalunosprofessor/target/notasalunosprofessor-0.0.1-SNAPSHOT.jar started by root in /workspaces/topicosavancadosprogramacao/notasalunosprofessor/target)
== APP - tapr-2023-equipe2-aluno-java == 2023-12-01T14:53:16.363Z  INFO 70405 --- [           main] c.t.n.NotasalunosprofessorApplication    : No active profile set, falling back to 1 default profile: "default"
== APP - tapr-2023-equipe2-aluno-java == 2023-12-01T14:53:18.113Z  INFO 70405 --- [           main] .s.d.r.c.RepositoryConfigurationDelegate : Bootstrapping Spring Data cosmos repositories in DEFAULT mode.
== APP - tapr-2023-equipe2-aluno-java == 2023-12-01T14:53:18.406Z  INFO 70405 --- [           main] .s.d.r.c.RepositoryConfigurationDelegate : Finished Spring Data repository scanning in 288 ms. Found 0 cosmos repository interfaces.
== APP - tapr-2023-equipe2-aluno-java == 2023-12-01T14:53:18.423Z  INFO 70405 --- [           main] .s.d.r.c.RepositoryConfigurationDelegate : Bootstrapping Spring Data cosmos repositories in DEFAULT mode.
== APP - tapr-2023-equipe2-aluno-java == 2023-12-01T14:53:18.450Z  INFO 70405 --- [           main] .s.d.r.c.RepositoryConfigurationDelegate : Finished Spring Data repository scanning in 26 ms. Found 3 cosmos repository interfaces.
== APP - tapr-2023-equipe2-aluno-java == 2023-12-01T14:53:19.549Z  INFO 70405 --- [           main] o.s.b.w.embedded.tomcat.TomcatWebServer  : Tomcat initialized with port(s): 8080 (http)
== APP - tapr-2023-equipe2-aluno-java == 2023-12-01T14:53:19.563Z  INFO 70405 --- [           main] o.apache.catalina.core.StandardService   : Starting service [Tomcat]
== APP - tapr-2023-equipe2-aluno-java == 2023-12-01T14:53:19.563Z  INFO 70405 --- [           main] o.apache.catalina.core.StandardEngine    : Starting Servlet engine: [Apache Tomcat/10.1.11]
== APP - tapr-2023-equipe2-aluno-java == 2023-12-01T14:53:19.688Z  INFO 70405 --- [           main] o.a.c.c.C.[Tomcat].[localhost].[/]       : Initializing Spring embedded WebApplicationContext
== APP - tapr-2023-equipe2-aluno-java == 2023-12-01T14:53:19.692Z  INFO 70405 --- [           main] w.s.c.ServletWebServerApplicationContext : Root WebApplicationContext: initialization completed in 3195 ms
== APP - tapr-2023-equipe2-aluno-java == 2023-12-01T14:53:20.762Z  INFO 70405 --- [           main] AbstractAzureServiceClientBuilderFactory : Will configure the default credential of type DefaultAzureCredential for class com.azure.identity.DefaultAzureCredentialBuilder.
== APP - tapr-2023-equipe2-aluno-java == 2023-12-01T14:53:21.039Z  WARN 70405 --- [           main] c.a.s.c.s.i.c.CosmosClientBuilderFactory : Configuration instance is not supported to configure in CosmosClientBuilder
== APP - tapr-2023-equipe2-aluno-java == 2023-12-01T14:53:21.145Z  INFO 70405 --- [           main] c.a.c.i.RxDocumentClientImpl             : Initializing DocumentClient [1] with serviceEndpoint [https://professoresealunosenotas.documents.azure.com:443/], connectionPolicy [ConnectionPolicy{httpNetworkRequestTimeout=PT1M, tcpNetworkRequestTimeout=PT5S, connectionMode=GATEWAY, maxConnectionPoolSize=1000, idleHttpConnectionTimeout=PT1M, idleTcpConnectionTimeout=PT0S, userAgentSuffix='az-sd-cos/@project.version@az-sp-cos/5.5.0', throttlingRetryOptions=RetryOptions{maxRetryAttemptsOnThrottledRequests=9, maxRetryWaitTime=PT30S}, endpointDiscoveryEnabled=true, preferredRegions=null, multipleWriteRegionsEnabled=true, proxyType=null, inetSocketProxyAddress=null, readRequestsFallbackEnabled=true, connectTimeout=PT5S, idleTcpEndpointTimeout=PT1H, maxConnectionsPerEndpoint=130, maxRequestsPerConnection=30, tcpConnectionEndpointRediscoveryEnabled=true, ioThreadPriority=5, ioThreadCountPerCoreFactor=2, tcpHealthCheckTimeoutDetectionEnabled=true, minConnectionPoolSizePerEndpoint=1, openConnectionsConcurrency=1, aggressiveWarmupConcurrency=2}], consistencyLevel [null], directModeProtocol [Tcp]
== APP - tapr-2023-equipe2-aluno-java == 2023-12-01T14:53:21.271Z  INFO 70405 --- [smos-parallel-1] c.a.c.i.RxDocumentClientImpl             : Getting database account endpoint from https://professoresealunosenotas.documents.azure.com:443/
== APP - tapr-2023-equipe2-aluno-java == 2023-12-01T14:53:22.133Z  INFO 70405 --- [           main] com.azure.cosmos.CosmosClientBuilder     : Cosmos Client with (Correlation) ID [00001] started up in [1078] ms with the following configuration: serviceEndpoint [https://professoresealunosenotas.documents.azure.com:443/], preferredRegions [[]], connectionPolicy [ConnectionPolicy{httpNetworkRequestTimeout=PT1M, tcpNetworkRequestTimeout=PT5S, connectionMode=GATEWAY, maxConnectionPoolSize=1000, idleHttpConnectionTimeout=PT1M, idleTcpConnectionTimeout=PT0S, userAgentSuffix='az-sd-cos/@project.version@az-sp-cos/5.5.0', throttlingRetryOptions=RetryOptions{maxRetryAttemptsOnThrottledRequests=9, maxRetryWaitTime=PT30S}, endpointDiscoveryEnabled=true, preferredRegions=null, multipleWriteRegionsEnabled=true, proxyType=null, inetSocketProxyAddress=null, readRequestsFallbackEnabled=true, connectTimeout=PT5S, idleTcpEndpointTimeout=PT1H, maxConnectionsPerEndpoint=130, maxRequestsPerConnection=30, tcpConnectionEndpointRediscoveryEnabled=true, ioThreadPriority=5, ioThreadCountPerCoreFactor=2, tcpHealthCheckTimeoutDetectionEnabled=true, minConnectionPoolSizePerEndpoint=1, openConnectionsConcurrency=1, aggressiveWarmupConcurrency=2}], consistencyLevel [null], contentResponseOnWriteEnabled [true], sessionCapturingOverride [false], connectionSharingAcrossClients [false], clientTelemetryEnabled [false], proactiveContainerInit [null], diagnostics [{samplingRate=1.0, thresholds={pointOperationLatencyThreshold=PT1S, nonPointOperationLatencyThreshold=PT3S, requestChargeThreshold=1000.0, payloadSizeInBytesThreshold=2147483647, customFailureHandler=false}, clientCorrelationId=null, clientTelemetryEnabled=false, clientMetricsEnabled=false, transportLevelTracingEnabled=false, customTracerProvided=false, customDiagnosticHandlers=()}], tracing [false, false]
== APP - tapr-2023-equipe2-aluno-java == 2023-12-01T14:53:24.013Z  INFO 70405 --- [           main] c.a.c.i.RxDocumentClientImpl             : Initializing DocumentClient [2] with serviceEndpoint [https://professoresealunosenotas.documents.azure.com:443/], connectionPolicy [ConnectionPolicy{httpNetworkRequestTimeout=PT1M, tcpNetworkRequestTimeout=PT5S, connectionMode=GATEWAY, maxConnectionPoolSize=1000, idleHttpConnectionTimeout=PT1M, idleTcpConnectionTimeout=PT0S, userAgentSuffix='az-sd-cos/@project.version@az-sp-cos/5.5.0', throttlingRetryOptions=RetryOptions{maxRetryAttemptsOnThrottledRequests=9, maxRetryWaitTime=PT30S}, endpointDiscoveryEnabled=true, preferredRegions=null, multipleWriteRegionsEnabled=true, proxyType=null, inetSocketProxyAddress=null, readRequestsFallbackEnabled=true, connectTimeout=PT5S, idleTcpEndpointTimeout=PT1H, maxConnectionsPerEndpoint=130, maxRequestsPerConnection=30, tcpConnectionEndpointRediscoveryEnabled=true, ioThreadPriority=5, ioThreadCountPerCoreFactor=2, tcpHealthCheckTimeoutDetectionEnabled=true, minConnectionPoolSizePerEndpoint=1, openConnectionsConcurrency=1, aggressiveWarmupConcurrency=2}], consistencyLevel [null], directModeProtocol [Tcp]
== APP - tapr-2023-equipe2-aluno-java == 2023-12-01T14:53:24.014Z  INFO 70405 --- [smos-parallel-1] c.a.c.i.RxDocumentClientImpl             : Getting database account endpoint from https://professoresealunosenotas.documents.azure.com:443/
== APP - tapr-2023-equipe2-aluno-java == 2023-12-01T14:53:24.534Z  INFO 70405 --- [           main] com.azure.cosmos.CosmosClientBuilder     : Cosmos Client with (Correlation) ID [00002] started up in [521] ms with the following configuration: serviceEndpoint [https://professoresealunosenotas.documents.azure.com:443/], preferredRegions [[]], connectionPolicy [ConnectionPolicy{httpNetworkRequestTimeout=PT1M, tcpNetworkRequestTimeout=PT5S, connectionMode=GATEWAY, maxConnectionPoolSize=1000, idleHttpConnectionTimeout=PT1M, idleTcpConnectionTimeout=PT0S, userAgentSuffix='az-sd-cos/@project.version@az-sp-cos/5.5.0', throttlingRetryOptions=RetryOptions{maxRetryAttemptsOnThrottledRequests=9, maxRetryWaitTime=PT30S}, endpointDiscoveryEnabled=true, preferredRegions=null, multipleWriteRegionsEnabled=true, proxyType=null, inetSocketProxyAddress=null, readRequestsFallbackEnabled=true, connectTimeout=PT5S, idleTcpEndpointTimeout=PT1H, maxConnectionsPerEndpoint=130, maxRequestsPerConnection=30, tcpConnectionEndpointRediscoveryEnabled=true, ioThreadPriority=5, ioThreadCountPerCoreFactor=2, tcpHealthCheckTimeoutDetectionEnabled=true, minConnectionPoolSizePerEndpoint=1, openConnectionsConcurrency=1, aggressiveWarmupConcurrency=2}], consistencyLevel [null], contentResponseOnWriteEnabled [true], sessionCapturingOverride [false], connectionSharingAcrossClients [false], clientTelemetryEnabled [false], proactiveContainerInit [null], diagnostics [{samplingRate=1.0, thresholds={pointOperationLatencyThreshold=PT1S, nonPointOperationLatencyThreshold=PT3S, requestChargeThreshold=1000.0, payloadSizeInBytesThreshold=2147483647, customFailureHandler=false}, clientCorrelationId=null, clientTelemetryEnabled=false, clientMetricsEnabled=false, transportLevelTracingEnabled=false, customTracerProvided=false, customDiagnosticHandlers=()}], tracing [false, false]
== APP - tapr-2023-equipe2-aluno-java == 2023-12-01T14:53:24.538Z  INFO 70405 --- [           main] c.a.c.i.RxDocumentClientImpl             : Initializing DocumentClient [3] with serviceEndpoint [https://professoresealunosenotas.documents.azure.com:443/], connectionPolicy [ConnectionPolicy{httpNetworkRequestTimeout=PT1M, tcpNetworkRequestTimeout=PT5S, connectionMode=GATEWAY, maxConnectionPoolSize=1000, idleHttpConnectionTimeout=PT1M, idleTcpConnectionTimeout=PT0S, userAgentSuffix='az-sd-cos/@project.version@az-sp-cos/5.5.0', throttlingRetryOptions=RetryOptions{maxRetryAttemptsOnThrottledRequests=9, maxRetryWaitTime=PT30S}, endpointDiscoveryEnabled=true, preferredRegions=null, multipleWriteRegionsEnabled=true, proxyType=null, inetSocketProxyAddress=null, readRequestsFallbackEnabled=true, connectTimeout=PT5S, idleTcpEndpointTimeout=PT1H, maxConnectionsPerEndpoint=130, maxRequestsPerConnection=30, tcpConnectionEndpointRediscoveryEnabled=true, ioThreadPriority=5, ioThreadCountPerCoreFactor=2, tcpHealthCheckTimeoutDetectionEnabled=true, minConnectionPoolSizePerEndpoint=1, openConnectionsConcurrency=1, aggressiveWarmupConcurrency=2}], consistencyLevel [null], directModeProtocol [Tcp]
== APP - tapr-2023-equipe2-aluno-java == 2023-12-01T14:53:24.539Z  INFO 70405 --- [smos-parallel-1] c.a.c.i.RxDocumentClientImpl             : Getting database account endpoint from https://professoresealunosenotas.documents.azure.com:443/
== APP - tapr-2023-equipe2-aluno-java == 2023-12-01T14:53:25.054Z  INFO 70405 --- [           main] com.azure.cosmos.CosmosClientBuilder     : Cosmos Client with (Correlation) ID [00003] started up in [517] ms with the following configuration: serviceEndpoint [https://professoresealunosenotas.documents.azure.com:443/], preferredRegions [[]], connectionPolicy [ConnectionPolicy{httpNetworkRequestTimeout=PT1M, tcpNetworkRequestTimeout=PT5S, connectionMode=GATEWAY, maxConnectionPoolSize=1000, idleHttpConnectionTimeout=PT1M, idleTcpConnectionTimeout=PT0S, userAgentSuffix='az-sd-cos/@project.version@az-sp-cos/5.5.0', throttlingRetryOptions=RetryOptions{maxRetryAttemptsOnThrottledRequests=9, maxRetryWaitTime=PT30S}, endpointDiscoveryEnabled=true, preferredRegions=null, multipleWriteRegionsEnabled=true, proxyType=null, inetSocketProxyAddress=null, readRequestsFallbackEnabled=true, connectTimeout=PT5S, idleTcpEndpointTimeout=PT1H, maxConnectionsPerEndpoint=130, maxRequestsPerConnection=30, tcpConnectionEndpointRediscoveryEnabled=true, ioThreadPriority=5, ioThreadCountPerCoreFactor=2, tcpHealthCheckTimeoutDetectionEnabled=true, minConnectionPoolSizePerEndpoint=1, openConnectionsConcurrency=1, aggressiveWarmupConcurrency=2}], consistencyLevel [null], contentResponseOnWriteEnabled [true], sessionCapturingOverride [false], connectionSharingAcrossClients [false], clientTelemetryEnabled [false], proactiveContainerInit [null], diagnostics [{samplingRate=1.0, thresholds={pointOperationLatencyThreshold=PT1S, nonPointOperationLatencyThreshold=PT3S, requestChargeThreshold=1000.0, payloadSizeInBytesThreshold=2147483647, customFailureHandler=false}, clientCorrelationId=null, clientTelemetryEnabled=false, clientMetricsEnabled=false, transportLevelTracingEnabled=false, customTracerProvided=false, customDiagnosticHandlers=()}], tracing [false, false]
== APP - tapr-2023-equipe2-aluno-java == 2023-12-01T14:53:25.297Z  WARN 70405 --- [           main] ConfigServletWebServerApplicationContext : Exception encountered during context initialization - cancelling refresh attempt: org.springframework.context.ApplicationContextException: Failed to start bean 'webServerStartStop'
== APP - tapr-2023-equipe2-aluno-java == 2023-12-01T14:53:25.298Z  INFO 70405 --- [           main] c.a.c.i.RxDocumentClientImpl             : Attempting to close client 3
== APP - tapr-2023-equipe2-aluno-java == 2023-12-01T14:53:25.299Z  INFO 70405 --- [           main] c.a.c.i.RxDocumentClientImpl             : Shutting down ...
== APP - tapr-2023-equipe2-aluno-java == 2023-12-01T14:53:25.299Z  INFO 70405 --- [           main] c.a.c.i.RxDocumentClientImpl             : Closing Global Endpoint Manager ...
== APP - tapr-2023-equipe2-aluno-java == 2023-12-01T14:53:25.315Z  INFO 70405 --- [           main] c.a.c.i.RxDocumentClientImpl             : Closing StoreClientFactory ...
== APP - tapr-2023-equipe2-aluno-java == 2023-12-01T14:53:25.315Z  INFO 70405 --- [           main] c.a.c.i.RxDocumentClientImpl             : Shutting down reactorHttpClient ...
== APP - tapr-2023-equipe2-aluno-java == 2023-12-01T14:53:25.324Z  INFO 70405 --- [           main] c.a.c.i.RxDocumentClientImpl             : Shutting down CpuMonitor ...
== APP - tapr-2023-equipe2-aluno-java == 2023-12-01T14:53:25.325Z  INFO 70405 --- [           main] c.a.c.i.RxDocumentClientImpl             : Shutting down completed.
== APP - tapr-2023-equipe2-aluno-java == 2023-12-01T14:53:25.325Z  INFO 70405 --- [           main] c.a.c.i.RxDocumentClientImpl             : Attempting to close client 2
== APP - tapr-2023-equipe2-aluno-java == 2023-12-01T14:53:25.325Z  INFO 70405 --- [           main] c.a.c.i.RxDocumentClientImpl             : Shutting down ...
== APP - tapr-2023-equipe2-aluno-java == 2023-12-01T14:53:25.326Z  INFO 70405 --- [           main] c.a.c.i.RxDocumentClientImpl             : Closing Global Endpoint Manager ...
== APP - tapr-2023-equipe2-aluno-java == 2023-12-01T14:53:25.326Z  INFO 70405 --- [           main] c.a.c.i.RxDocumentClientImpl             : Closing StoreClientFactory ...
== APP - tapr-2023-equipe2-aluno-java == 2023-12-01T14:53:25.326Z  INFO 70405 --- [           main] c.a.c.i.RxDocumentClientImpl             : Shutting down reactorHttpClient ...
== APP - tapr-2023-equipe2-aluno-java == 2023-12-01T14:53:25.327Z  INFO 70405 --- [           main] c.a.c.i.RxDocumentClientImpl             : Shutting down CpuMonitor ...
== APP - tapr-2023-equipe2-aluno-java == 2023-12-01T14:53:25.327Z  INFO 70405 --- [           main] c.a.c.i.RxDocumentClientImpl             : Shutting down completed.
== APP - tapr-2023-equipe2-aluno-java == 2023-12-01T14:53:25.328Z  INFO 70405 --- [           main] c.a.c.i.RxDocumentClientImpl             : Attempting to close client 1
== APP - tapr-2023-equipe2-aluno-java == 2023-12-01T14:53:25.329Z  INFO 70405 --- [           main] c.a.c.i.RxDocumentClientImpl             : Shutting down ...
== APP - tapr-2023-equipe2-aluno-java == 2023-12-01T14:53:25.329Z  INFO 70405 --- [           main] c.a.c.i.RxDocumentClientImpl             : Closing Global Endpoint Manager ...
== APP - tapr-2023-equipe2-aluno-java == 2023-12-01T14:53:25.329Z  INFO 70405 --- [           main] c.a.c.i.RxDocumentClientImpl             : Closing StoreClientFactory ...
== APP - tapr-2023-equipe2-aluno-java == 2023-12-01T14:53:25.329Z  INFO 70405 --- [           main] c.a.c.i.RxDocumentClientImpl             : Shutting down reactorHttpClient ...
== APP - tapr-2023-equipe2-aluno-java == 2023-12-01T14:53:25.344Z  INFO 70405 --- [           main] c.a.c.i.RxDocumentClientImpl             : Shutting down CpuMonitor ...
== APP - tapr-2023-equipe2-aluno-java == 2023-12-01T14:53:25.345Z  INFO 70405 --- [           main] c.a.c.i.RxDocumentClientImpl             : Shutting down completed.
== APP - tapr-2023-equipe2-aluno-java == 2023-12-01T14:53:25.349Z  INFO 70405 --- [           main] o.apache.catalina.core.StandardService   : Stopping service [Tomcat]
== APP - tapr-2023-equipe2-aluno-java == 2023-12-01T14:53:25.393Z  INFO 70405 --- [           main] .s.b.a.l.ConditionEvaluationReportLogger : 
== APP - tapr-2023-equipe2-aluno-java == 
== APP - tapr-2023-equipe2-aluno-java == Error starting ApplicationContext. To display the condition evaluation report re-run your application with 'debug' enabled.
== APP - tapr-2023-equipe2-aluno-java == 2023-12-01T14:53:25.415Z ERROR 70405 --- [           main] o.s.b.d.LoggingFailureAnalysisReporter   : 
== APP - tapr-2023-equipe2-aluno-java == 
== APP - tapr-2023-equipe2-aluno-java == ***************************
== APP - tapr-2023-equipe2-aluno-java == APPLICATION FAILED TO START
== APP - tapr-2023-equipe2-aluno-java == ***************************
== APP - tapr-2023-equipe2-aluno-java == 
== APP - tapr-2023-equipe2-aluno-java == Description:
== APP - tapr-2023-equipe2-aluno-java == 
== APP - tapr-2023-equipe2-aluno-java == Web server failed to start. Port 8080 was already in use.
== APP - tapr-2023-equipe2-aluno-java == 
== APP - tapr-2023-equipe2-aluno-java == Action:
== APP - tapr-2023-equipe2-aluno-java == 
== APP - tapr-2023-equipe2-aluno-java == Identify and stop the process that's listening on port 8080 or configure this application to listen on another port.
== APP - tapr-2023-equipe2-aluno-java == 
The App process exited with error code: exit status 1
